[2019-05-08 08:25:45] local.ERROR: Unable to prepare route [api/user] for serialization. Uses Closure. {"exception":"[object] (LogicException(code: 0): Unable to prepare route [api/user] for serialization. Uses Closure. at /media/jchegenye/legibra/var/www/laravel-projects/monitor/vendor/laravel/framework/src/Illuminate/Routing/Route.php:917)
[stacktrace]
#0 /media/jchegenye/legibra/var/www/laravel-projects/monitor/vendor/laravel/framework/src/Illuminate/Foundation/Console/RouteCacheCommand.php(62): Illuminate\\Routing\\Route->prepareForSerialization()
#1 [internal function]: Illuminate\\Foundation\\Console\\RouteCacheCommand->handle()
#2 /media/jchegenye/legibra/var/www/laravel-projects/monitor/vendor/laravel/framework/src/Illuminate/Container/BoundMethod.php(32): call_user_func_array(Array, Array)
#3 /media/jchegenye/legibra/var/www/laravel-projects/monitor/vendor/laravel/framework/src/Illuminate/Container/BoundMethod.php(90): Illuminate\\Container\\BoundMethod::Illuminate\\Container\\{closure}()
#4 /media/jchegenye/legibra/var/www/laravel-projects/monitor/vendor/laravel/framework/src/Illuminate/Container/BoundMethod.php(34): Illuminate\\Container\\BoundMethod::callBoundMethod(Object(Illuminate\\Foundation\\Application), Array, Object(Closure))
#5 /media/jchegenye/legibra/var/www/laravel-projects/monitor/vendor/laravel/framework/src/Illuminate/Container/Container.php(580): Illuminate\\Container\\BoundMethod::call(Object(Illuminate\\Foundation\\Application), Array, Array, NULL)
#6 /media/jchegenye/legibra/var/www/laravel-projects/monitor/vendor/laravel/framework/src/Illuminate/Console/Command.php(183): Illuminate\\Container\\Container->call(Array)
#7 /media/jchegenye/legibra/var/www/laravel-projects/monitor/vendor/symfony/console/Command/Command.php(255): Illuminate\\Console\\Command->execute(Object(Symfony\\Component\\Console\\Input\\ArgvInput), Object(Illuminate\\Console\\OutputStyle))
#8 /media/jchegenye/legibra/var/www/laravel-projects/monitor/vendor/laravel/framework/src/Illuminate/Console/Command.php(170): Symfony\\Component\\Console\\Command\\Command->run(Object(Symfony\\Component\\Console\\Input\\ArgvInput), Object(Illuminate\\Console\\OutputStyle))
#9 /media/jchegenye/legibra/var/www/laravel-projects/monitor/vendor/symfony/console/Application.php(908): Illuminate\\Console\\Command->run(Object(Symfony\\Component\\Console\\Input\\ArgvInput), Object(Symfony\\Component\\Console\\Output\\ConsoleOutput))
#10 /media/jchegenye/legibra/var/www/laravel-projects/monitor/vendor/symfony/console/Application.php(269): Symfony\\Component\\Console\\Application->doRunCommand(Object(Illuminate\\Foundation\\Console\\RouteCacheCommand), Object(Symfony\\Component\\Console\\Input\\ArgvInput), Object(Symfony\\Component\\Console\\Output\\ConsoleOutput))
#11 /media/jchegenye/legibra/var/www/laravel-projects/monitor/vendor/symfony/console/Application.php(145): Symfony\\Component\\Console\\Application->doRun(Object(Symfony\\Component\\Console\\Input\\ArgvInput), Object(Symfony\\Component\\Console\\Output\\ConsoleOutput))
#12 /media/jchegenye/legibra/var/www/laravel-projects/monitor/vendor/laravel/framework/src/Illuminate/Console/Application.php(90): Symfony\\Component\\Console\\Application->run(Object(Symfony\\Component\\Console\\Input\\ArgvInput), Object(Symfony\\Component\\Console\\Output\\ConsoleOutput))
#13 /media/jchegenye/legibra/var/www/laravel-projects/monitor/vendor/laravel/framework/src/Illuminate/Foundation/Console/Kernel.php(122): Illuminate\\Console\\Application->run(Object(Symfony\\Component\\Console\\Input\\ArgvInput), Object(Symfony\\Component\\Console\\Output\\ConsoleOutput))
#14 /media/jchegenye/legibra/var/www/laravel-projects/monitor/artisan(37): Illuminate\\Foundation\\Console\\Kernel->handle(Object(Symfony\\Component\\Console\\Input\\ArgvInput), Object(Symfony\\Component\\Console\\Output\\ConsoleOutput))
#15 {main}
"} 
[2019-05-08 08:32:22] local.ERROR: Unable to prepare route [api/user] for serialization. Uses Closure. {"exception":"[object] (LogicException(code: 0): Unable to prepare route [api/user] for serialization. Uses Closure. at /media/jchegenye/legibra/var/www/laravel-projects/monitor/vendor/laravel/framework/src/Illuminate/Routing/Route.php:917)
[stacktrace]
#0 /media/jchegenye/legibra/var/www/laravel-projects/monitor/vendor/laravel/framework/src/Illuminate/Foundation/Console/RouteCacheCommand.php(62): Illuminate\\Routing\\Route->prepareForSerialization()
#1 [internal function]: Illuminate\\Foundation\\Console\\RouteCacheCommand->handle()
#2 /media/jchegenye/legibra/var/www/laravel-projects/monitor/vendor/laravel/framework/src/Illuminate/Container/BoundMethod.php(32): call_user_func_array(Array, Array)
#3 /media/jchegenye/legibra/var/www/laravel-projects/monitor/vendor/laravel/framework/src/Illuminate/Container/BoundMethod.php(90): Illuminate\\Container\\BoundMethod::Illuminate\\Container\\{closure}()
#4 /media/jchegenye/legibra/var/www/laravel-projects/monitor/vendor/laravel/framework/src/Illuminate/Container/BoundMethod.php(34): Illuminate\\Container\\BoundMethod::callBoundMethod(Object(Illuminate\\Foundation\\Application), Array, Object(Closure))
#5 /media/jchegenye/legibra/var/www/laravel-projects/monitor/vendor/laravel/framework/src/Illuminate/Container/Container.php(580): Illuminate\\Container\\BoundMethod::call(Object(Illuminate\\Foundation\\Application), Array, Array, NULL)
#6 /media/jchegenye/legibra/var/www/laravel-projects/monitor/vendor/laravel/framework/src/Illuminate/Console/Command.php(183): Illuminate\\Container\\Container->call(Array)
#7 /media/jchegenye/legibra/var/www/laravel-projects/monitor/vendor/symfony/console/Command/Command.php(255): Illuminate\\Console\\Command->execute(Object(Symfony\\Component\\Console\\Input\\ArrayInput), Object(Illuminate\\Console\\OutputStyle))
#8 /media/jchegenye/legibra/var/www/laravel-projects/monitor/vendor/laravel/framework/src/Illuminate/Console/Command.php(170): Symfony\\Component\\Console\\Command\\Command->run(Object(Symfony\\Component\\Console\\Input\\ArrayInput), Object(Illuminate\\Console\\OutputStyle))
#9 /media/jchegenye/legibra/var/www/laravel-projects/monitor/vendor/laravel/framework/src/Illuminate/Console/Command.php(198): Illuminate\\Console\\Command->run(Object(Symfony\\Component\\Console\\Input\\ArrayInput), Object(Illuminate\\Console\\OutputStyle))
#10 /media/jchegenye/legibra/var/www/laravel-projects/monitor/vendor/laravel/framework/src/Illuminate/Foundation/Console/OptimizeCommand.php(31): Illuminate\\Console\\Command->call('route:cache')
#11 [internal function]: Illuminate\\Foundation\\Console\\OptimizeCommand->handle()
#12 /media/jchegenye/legibra/var/www/laravel-projects/monitor/vendor/laravel/framework/src/Illuminate/Container/BoundMethod.php(32): call_user_func_array(Array, Array)
#13 /media/jchegenye/legibra/var/www/laravel-projects/monitor/vendor/laravel/framework/src/Illuminate/Container/BoundMethod.php(90): Illuminate\\Container\\BoundMethod::Illuminate\\Container\\{closure}()
#14 /media/jchegenye/legibra/var/www/laravel-projects/monitor/vendor/laravel/framework/src/Illuminate/Container/BoundMethod.php(34): Illuminate\\Container\\BoundMethod::callBoundMethod(Object(Illuminate\\Foundation\\Application), Array, Object(Closure))
#15 /media/jchegenye/legibra/var/www/laravel-projects/monitor/vendor/laravel/framework/src/Illuminate/Container/Container.php(580): Illuminate\\Container\\BoundMethod::call(Object(Illuminate\\Foundation\\Application), Array, Array, NULL)
#16 /media/jchegenye/legibra/var/www/laravel-projects/monitor/vendor/laravel/framework/src/Illuminate/Console/Command.php(183): Illuminate\\Container\\Container->call(Array)
#17 /media/jchegenye/legibra/var/www/laravel-projects/monitor/vendor/symfony/console/Command/Command.php(255): Illuminate\\Console\\Command->execute(Object(Symfony\\Component\\Console\\Input\\ArgvInput), Object(Illuminate\\Console\\OutputStyle))
#18 /media/jchegenye/legibra/var/www/laravel-projects/monitor/vendor/laravel/framework/src/Illuminate/Console/Command.php(170): Symfony\\Component\\Console\\Command\\Command->run(Object(Symfony\\Component\\Console\\Input\\ArgvInput), Object(Illuminate\\Console\\OutputStyle))
#19 /media/jchegenye/legibra/var/www/laravel-projects/monitor/vendor/symfony/console/Application.php(908): Illuminate\\Console\\Command->run(Object(Symfony\\Component\\Console\\Input\\ArgvInput), Object(Symfony\\Component\\Console\\Output\\ConsoleOutput))
#20 /media/jchegenye/legibra/var/www/laravel-projects/monitor/vendor/symfony/console/Application.php(269): Symfony\\Component\\Console\\Application->doRunCommand(Object(Illuminate\\Foundation\\Console\\OptimizeCommand), Object(Symfony\\Component\\Console\\Input\\ArgvInput), Object(Symfony\\Component\\Console\\Output\\ConsoleOutput))
#21 /media/jchegenye/legibra/var/www/laravel-projects/monitor/vendor/symfony/console/Application.php(145): Symfony\\Component\\Console\\Application->doRun(Object(Symfony\\Component\\Console\\Input\\ArgvInput), Object(Symfony\\Component\\Console\\Output\\ConsoleOutput))
#22 /media/jchegenye/legibra/var/www/laravel-projects/monitor/vendor/laravel/framework/src/Illuminate/Console/Application.php(90): Symfony\\Component\\Console\\Application->run(Object(Symfony\\Component\\Console\\Input\\ArgvInput), Object(Symfony\\Component\\Console\\Output\\ConsoleOutput))
#23 /media/jchegenye/legibra/var/www/laravel-projects/monitor/vendor/laravel/framework/src/Illuminate/Foundation/Console/Kernel.php(122): Illuminate\\Console\\Application->run(Object(Symfony\\Component\\Console\\Input\\ArgvInput), Object(Symfony\\Component\\Console\\Output\\ConsoleOutput))
#24 /media/jchegenye/legibra/var/www/laravel-projects/monitor/artisan(37): Illuminate\\Foundation\\Console\\Kernel->handle(Object(Symfony\\Component\\Console\\Input\\ArgvInput), Object(Symfony\\Component\\Console\\Output\\ConsoleOutput))
#25 {main}
"} 
[2019-05-08 08:33:32] local.ERROR: Unable to prepare route [api/user] for serialization. Uses Closure. {"exception":"[object] (LogicException(code: 0): Unable to prepare route [api/user] for serialization. Uses Closure. at /media/jchegenye/legibra/var/www/laravel-projects/monitor/vendor/laravel/framework/src/Illuminate/Routing/Route.php:917)
[stacktrace]
#0 /media/jchegenye/legibra/var/www/laravel-projects/monitor/vendor/laravel/framework/src/Illuminate/Foundation/Console/RouteCacheCommand.php(62): Illuminate\\Routing\\Route->prepareForSerialization()
#1 [internal function]: Illuminate\\Foundation\\Console\\RouteCacheCommand->handle()
#2 /media/jchegenye/legibra/var/www/laravel-projects/monitor/vendor/laravel/framework/src/Illuminate/Container/BoundMethod.php(32): call_user_func_array(Array, Array)
#3 /media/jchegenye/legibra/var/www/laravel-projects/monitor/vendor/laravel/framework/src/Illuminate/Container/BoundMethod.php(90): Illuminate\\Container\\BoundMethod::Illuminate\\Container\\{closure}()
#4 /media/jchegenye/legibra/var/www/laravel-projects/monitor/vendor/laravel/framework/src/Illuminate/Container/BoundMethod.php(34): Illuminate\\Container\\BoundMethod::callBoundMethod(Object(Illuminate\\Foundation\\Application), Array, Object(Closure))
#5 /media/jchegenye/legibra/var/www/laravel-projects/monitor/vendor/laravel/framework/src/Illuminate/Container/Container.php(580): Illuminate\\Container\\BoundMethod::call(Object(Illuminate\\Foundation\\Application), Array, Array, NULL)
#6 /media/jchegenye/legibra/var/www/laravel-projects/monitor/vendor/laravel/framework/src/Illuminate/Console/Command.php(183): Illuminate\\Container\\Container->call(Array)
#7 /media/jchegenye/legibra/var/www/laravel-projects/monitor/vendor/symfony/console/Command/Command.php(255): Illuminate\\Console\\Command->execute(Object(Symfony\\Component\\Console\\Input\\ArrayInput), Object(Illuminate\\Console\\OutputStyle))
#8 /media/jchegenye/legibra/var/www/laravel-projects/monitor/vendor/laravel/framework/src/Illuminate/Console/Command.php(170): Symfony\\Component\\Console\\Command\\Command->run(Object(Symfony\\Component\\Console\\Input\\ArrayInput), Object(Illuminate\\Console\\OutputStyle))
#9 /media/jchegenye/legibra/var/www/laravel-projects/monitor/vendor/laravel/framework/src/Illuminate/Console/Command.php(198): Illuminate\\Console\\Command->run(Object(Symfony\\Component\\Console\\Input\\ArrayInput), Object(Illuminate\\Console\\OutputStyle))
#10 /media/jchegenye/legibra/var/www/laravel-projects/monitor/vendor/laravel/framework/src/Illuminate/Foundation/Console/OptimizeCommand.php(31): Illuminate\\Console\\Command->call('route:cache')
#11 [internal function]: Illuminate\\Foundation\\Console\\OptimizeCommand->handle()
#12 /media/jchegenye/legibra/var/www/laravel-projects/monitor/vendor/laravel/framework/src/Illuminate/Container/BoundMethod.php(32): call_user_func_array(Array, Array)
#13 /media/jchegenye/legibra/var/www/laravel-projects/monitor/vendor/laravel/framework/src/Illuminate/Container/BoundMethod.php(90): Illuminate\\Container\\BoundMethod::Illuminate\\Container\\{closure}()
#14 /media/jchegenye/legibra/var/www/laravel-projects/monitor/vendor/laravel/framework/src/Illuminate/Container/BoundMethod.php(34): Illuminate\\Container\\BoundMethod::callBoundMethod(Object(Illuminate\\Foundation\\Application), Array, Object(Closure))
#15 /media/jchegenye/legibra/var/www/laravel-projects/monitor/vendor/laravel/framework/src/Illuminate/Container/Container.php(580): Illuminate\\Container\\BoundMethod::call(Object(Illuminate\\Foundation\\Application), Array, Array, NULL)
#16 /media/jchegenye/legibra/var/www/laravel-projects/monitor/vendor/laravel/framework/src/Illuminate/Console/Command.php(183): Illuminate\\Container\\Container->call(Array)
#17 /media/jchegenye/legibra/var/www/laravel-projects/monitor/vendor/symfony/console/Command/Command.php(255): Illuminate\\Console\\Command->execute(Object(Symfony\\Component\\Console\\Input\\ArgvInput), Object(Illuminate\\Console\\OutputStyle))
#18 /media/jchegenye/legibra/var/www/laravel-projects/monitor/vendor/laravel/framework/src/Illuminate/Console/Command.php(170): Symfony\\Component\\Console\\Command\\Command->run(Object(Symfony\\Component\\Console\\Input\\ArgvInput), Object(Illuminate\\Console\\OutputStyle))
#19 /media/jchegenye/legibra/var/www/laravel-projects/monitor/vendor/symfony/console/Application.php(908): Illuminate\\Console\\Command->run(Object(Symfony\\Component\\Console\\Input\\ArgvInput), Object(Symfony\\Component\\Console\\Output\\ConsoleOutput))
#20 /media/jchegenye/legibra/var/www/laravel-projects/monitor/vendor/symfony/console/Application.php(269): Symfony\\Component\\Console\\Application->doRunCommand(Object(Illuminate\\Foundation\\Console\\OptimizeCommand), Object(Symfony\\Component\\Console\\Input\\ArgvInput), Object(Symfony\\Component\\Console\\Output\\ConsoleOutput))
#21 /media/jchegenye/legibra/var/www/laravel-projects/monitor/vendor/symfony/console/Application.php(145): Symfony\\Component\\Console\\Application->doRun(Object(Symfony\\Component\\Console\\Input\\ArgvInput), Object(Symfony\\Component\\Console\\Output\\ConsoleOutput))
#22 /media/jchegenye/legibra/var/www/laravel-projects/monitor/vendor/laravel/framework/src/Illuminate/Console/Application.php(90): Symfony\\Component\\Console\\Application->run(Object(Symfony\\Component\\Console\\Input\\ArgvInput), Object(Symfony\\Component\\Console\\Output\\ConsoleOutput))
#23 /media/jchegenye/legibra/var/www/laravel-projects/monitor/vendor/laravel/framework/src/Illuminate/Foundation/Console/Kernel.php(122): Illuminate\\Console\\Application->run(Object(Symfony\\Component\\Console\\Input\\ArgvInput), Object(Symfony\\Component\\Console\\Output\\ConsoleOutput))
#24 /media/jchegenye/legibra/var/www/laravel-projects/monitor/artisan(37): Illuminate\\Foundation\\Console\\Kernel->handle(Object(Symfony\\Component\\Console\\Input\\ArgvInput), Object(Symfony\\Component\\Console\\Output\\ConsoleOutput))
#25 {main}
"} 
[2019-05-08 08:33:38] local.ERROR: Unable to prepare route [api/user] for serialization. Uses Closure. {"exception":"[object] (LogicException(code: 0): Unable to prepare route [api/user] for serialization. Uses Closure. at /media/jchegenye/legibra/var/www/laravel-projects/monitor/vendor/laravel/framework/src/Illuminate/Routing/Route.php:917)
[stacktrace]
#0 /media/jchegenye/legibra/var/www/laravel-projects/monitor/vendor/laravel/framework/src/Illuminate/Foundation/Console/RouteCacheCommand.php(62): Illuminate\\Routing\\Route->prepareForSerialization()
#1 [internal function]: Illuminate\\Foundation\\Console\\RouteCacheCommand->handle()
#2 /media/jchegenye/legibra/var/www/laravel-projects/monitor/vendor/laravel/framework/src/Illuminate/Container/BoundMethod.php(32): call_user_func_array(Array, Array)
#3 /media/jchegenye/legibra/var/www/laravel-projects/monitor/vendor/laravel/framework/src/Illuminate/Container/BoundMethod.php(90): Illuminate\\Container\\BoundMethod::Illuminate\\Container\\{closure}()
#4 /media/jchegenye/legibra/var/www/laravel-projects/monitor/vendor/laravel/framework/src/Illuminate/Container/BoundMethod.php(34): Illuminate\\Container\\BoundMethod::callBoundMethod(Object(Illuminate\\Foundation\\Application), Array, Object(Closure))
#5 /media/jchegenye/legibra/var/www/laravel-projects/monitor/vendor/laravel/framework/src/Illuminate/Container/Container.php(580): Illuminate\\Container\\BoundMethod::call(Object(Illuminate\\Foundation\\Application), Array, Array, NULL)
#6 /media/jchegenye/legibra/var/www/laravel-projects/monitor/vendor/laravel/framework/src/Illuminate/Console/Command.php(183): Illuminate\\Container\\Container->call(Array)
#7 /media/jchegenye/legibra/var/www/laravel-projects/monitor/vendor/symfony/console/Command/Command.php(255): Illuminate\\Console\\Command->execute(Object(Symfony\\Component\\Console\\Input\\ArgvInput), Object(Illuminate\\Console\\OutputStyle))
#8 /media/jchegenye/legibra/var/www/laravel-projects/monitor/vendor/laravel/framework/src/Illuminate/Console/Command.php(170): Symfony\\Component\\Console\\Command\\Command->run(Object(Symfony\\Component\\Console\\Input\\ArgvInput), Object(Illuminate\\Console\\OutputStyle))
#9 /media/jchegenye/legibra/var/www/laravel-projects/monitor/vendor/symfony/console/Application.php(908): Illuminate\\Console\\Command->run(Object(Symfony\\Component\\Console\\Input\\ArgvInput), Object(Symfony\\Component\\Console\\Output\\ConsoleOutput))
#10 /media/jchegenye/legibra/var/www/laravel-projects/monitor/vendor/symfony/console/Application.php(269): Symfony\\Component\\Console\\Application->doRunCommand(Object(Illuminate\\Foundation\\Console\\RouteCacheCommand), Object(Symfony\\Component\\Console\\Input\\ArgvInput), Object(Symfony\\Component\\Console\\Output\\ConsoleOutput))
#11 /media/jchegenye/legibra/var/www/laravel-projects/monitor/vendor/symfony/console/Application.php(145): Symfony\\Component\\Console\\Application->doRun(Object(Symfony\\Component\\Console\\Input\\ArgvInput), Object(Symfony\\Component\\Console\\Output\\ConsoleOutput))
#12 /media/jchegenye/legibra/var/www/laravel-projects/monitor/vendor/laravel/framework/src/Illuminate/Console/Application.php(90): Symfony\\Component\\Console\\Application->run(Object(Symfony\\Component\\Console\\Input\\ArgvInput), Object(Symfony\\Component\\Console\\Output\\ConsoleOutput))
#13 /media/jchegenye/legibra/var/www/laravel-projects/monitor/vendor/laravel/framework/src/Illuminate/Foundation/Console/Kernel.php(122): Illuminate\\Console\\Application->run(Object(Symfony\\Component\\Console\\Input\\ArgvInput), Object(Symfony\\Component\\Console\\Output\\ConsoleOutput))
#14 /media/jchegenye/legibra/var/www/laravel-projects/monitor/artisan(37): Illuminate\\Foundation\\Console\\Kernel->handle(Object(Symfony\\Component\\Console\\Input\\ArgvInput), Object(Symfony\\Component\\Console\\Output\\ConsoleOutput))
#15 {main}
"} 
[2019-05-08 08:34:24] local.ERROR: Unable to prepare route [/] for serialization. Uses Closure. {"exception":"[object] (LogicException(code: 0): Unable to prepare route [/] for serialization. Uses Closure. at /media/jchegenye/legibra/var/www/laravel-projects/monitor/vendor/laravel/framework/src/Illuminate/Routing/Route.php:917)
[stacktrace]
#0 /media/jchegenye/legibra/var/www/laravel-projects/monitor/vendor/laravel/framework/src/Illuminate/Foundation/Console/RouteCacheCommand.php(62): Illuminate\\Routing\\Route->prepareForSerialization()
#1 [internal function]: Illuminate\\Foundation\\Console\\RouteCacheCommand->handle()
#2 /media/jchegenye/legibra/var/www/laravel-projects/monitor/vendor/laravel/framework/src/Illuminate/Container/BoundMethod.php(32): call_user_func_array(Array, Array)
#3 /media/jchegenye/legibra/var/www/laravel-projects/monitor/vendor/laravel/framework/src/Illuminate/Container/BoundMethod.php(90): Illuminate\\Container\\BoundMethod::Illuminate\\Container\\{closure}()
#4 /media/jchegenye/legibra/var/www/laravel-projects/monitor/vendor/laravel/framework/src/Illuminate/Container/BoundMethod.php(34): Illuminate\\Container\\BoundMethod::callBoundMethod(Object(Illuminate\\Foundation\\Application), Array, Object(Closure))
#5 /media/jchegenye/legibra/var/www/laravel-projects/monitor/vendor/laravel/framework/src/Illuminate/Container/Container.php(580): Illuminate\\Container\\BoundMethod::call(Object(Illuminate\\Foundation\\Application), Array, Array, NULL)
#6 /media/jchegenye/legibra/var/www/laravel-projects/monitor/vendor/laravel/framework/src/Illuminate/Console/Command.php(183): Illuminate\\Container\\Container->call(Array)
#7 /media/jchegenye/legibra/var/www/laravel-projects/monitor/vendor/symfony/console/Command/Command.php(255): Illuminate\\Console\\Command->execute(Object(Symfony\\Component\\Console\\Input\\ArgvInput), Object(Illuminate\\Console\\OutputStyle))
#8 /media/jchegenye/legibra/var/www/laravel-projects/monitor/vendor/laravel/framework/src/Illuminate/Console/Command.php(170): Symfony\\Component\\Console\\Command\\Command->run(Object(Symfony\\Component\\Console\\Input\\ArgvInput), Object(Illuminate\\Console\\OutputStyle))
#9 /media/jchegenye/legibra/var/www/laravel-projects/monitor/vendor/symfony/console/Application.php(908): Illuminate\\Console\\Command->run(Object(Symfony\\Component\\Console\\Input\\ArgvInput), Object(Symfony\\Component\\Console\\Output\\ConsoleOutput))
#10 /media/jchegenye/legibra/var/www/laravel-projects/monitor/vendor/symfony/console/Application.php(269): Symfony\\Component\\Console\\Application->doRunCommand(Object(Illuminate\\Foundation\\Console\\RouteCacheCommand), Object(Symfony\\Component\\Console\\Input\\ArgvInput), Object(Symfony\\Component\\Console\\Output\\ConsoleOutput))
#11 /media/jchegenye/legibra/var/www/laravel-projects/monitor/vendor/symfony/console/Application.php(145): Symfony\\Component\\Console\\Application->doRun(Object(Symfony\\Component\\Console\\Input\\ArgvInput), Object(Symfony\\Component\\Console\\Output\\ConsoleOutput))
#12 /media/jchegenye/legibra/var/www/laravel-projects/monitor/vendor/laravel/framework/src/Illuminate/Console/Application.php(90): Symfony\\Component\\Console\\Application->run(Object(Symfony\\Component\\Console\\Input\\ArgvInput), Object(Symfony\\Component\\Console\\Output\\ConsoleOutput))
#13 /media/jchegenye/legibra/var/www/laravel-projects/monitor/vendor/laravel/framework/src/Illuminate/Foundation/Console/Kernel.php(122): Illuminate\\Console\\Application->run(Object(Symfony\\Component\\Console\\Input\\ArgvInput), Object(Symfony\\Component\\Console\\Output\\ConsoleOutput))
#14 /media/jchegenye/legibra/var/www/laravel-projects/monitor/artisan(37): Illuminate\\Foundation\\Console\\Kernel->handle(Object(Symfony\\Component\\Console\\Input\\ArgvInput), Object(Symfony\\Component\\Console\\Output\\ConsoleOutput))
#15 {main}
"} 
[2019-05-08 08:34:47] local.ERROR: Unable to prepare route [api/user] for serialization. Uses Closure. {"exception":"[object] (LogicException(code: 0): Unable to prepare route [api/user] for serialization. Uses Closure. at /media/jchegenye/legibra/var/www/laravel-projects/monitor/vendor/laravel/framework/src/Illuminate/Routing/Route.php:917)
[stacktrace]
#0 /media/jchegenye/legibra/var/www/laravel-projects/monitor/vendor/laravel/framework/src/Illuminate/Foundation/Console/RouteCacheCommand.php(62): Illuminate\\Routing\\Route->prepareForSerialization()
#1 [internal function]: Illuminate\\Foundation\\Console\\RouteCacheCommand->handle()
#2 /media/jchegenye/legibra/var/www/laravel-projects/monitor/vendor/laravel/framework/src/Illuminate/Container/BoundMethod.php(32): call_user_func_array(Array, Array)
#3 /media/jchegenye/legibra/var/www/laravel-projects/monitor/vendor/laravel/framework/src/Illuminate/Container/BoundMethod.php(90): Illuminate\\Container\\BoundMethod::Illuminate\\Container\\{closure}()
#4 /media/jchegenye/legibra/var/www/laravel-projects/monitor/vendor/laravel/framework/src/Illuminate/Container/BoundMethod.php(34): Illuminate\\Container\\BoundMethod::callBoundMethod(Object(Illuminate\\Foundation\\Application), Array, Object(Closure))
#5 /media/jchegenye/legibra/var/www/laravel-projects/monitor/vendor/laravel/framework/src/Illuminate/Container/Container.php(580): Illuminate\\Container\\BoundMethod::call(Object(Illuminate\\Foundation\\Application), Array, Array, NULL)
#6 /media/jchegenye/legibra/var/www/laravel-projects/monitor/vendor/laravel/framework/src/Illuminate/Console/Command.php(183): Illuminate\\Container\\Container->call(Array)
#7 /media/jchegenye/legibra/var/www/laravel-projects/monitor/vendor/symfony/console/Command/Command.php(255): Illuminate\\Console\\Command->execute(Object(Symfony\\Component\\Console\\Input\\ArgvInput), Object(Illuminate\\Console\\OutputStyle))
#8 /media/jchegenye/legibra/var/www/laravel-projects/monitor/vendor/laravel/framework/src/Illuminate/Console/Command.php(170): Symfony\\Component\\Console\\Command\\Command->run(Object(Symfony\\Component\\Console\\Input\\ArgvInput), Object(Illuminate\\Console\\OutputStyle))
#9 /media/jchegenye/legibra/var/www/laravel-projects/monitor/vendor/symfony/console/Application.php(908): Illuminate\\Console\\Command->run(Object(Symfony\\Component\\Console\\Input\\ArgvInput), Object(Symfony\\Component\\Console\\Output\\ConsoleOutput))
#10 /media/jchegenye/legibra/var/www/laravel-projects/monitor/vendor/symfony/console/Application.php(269): Symfony\\Component\\Console\\Application->doRunCommand(Object(Illuminate\\Foundation\\Console\\RouteCacheCommand), Object(Symfony\\Component\\Console\\Input\\ArgvInput), Object(Symfony\\Component\\Console\\Output\\ConsoleOutput))
#11 /media/jchegenye/legibra/var/www/laravel-projects/monitor/vendor/symfony/console/Application.php(145): Symfony\\Component\\Console\\Application->doRun(Object(Symfony\\Component\\Console\\Input\\ArgvInput), Object(Symfony\\Component\\Console\\Output\\ConsoleOutput))
#12 /media/jchegenye/legibra/var/www/laravel-projects/monitor/vendor/laravel/framework/src/Illuminate/Console/Application.php(90): Symfony\\Component\\Console\\Application->run(Object(Symfony\\Component\\Console\\Input\\ArgvInput), Object(Symfony\\Component\\Console\\Output\\ConsoleOutput))
#13 /media/jchegenye/legibra/var/www/laravel-projects/monitor/vendor/laravel/framework/src/Illuminate/Foundation/Console/Kernel.php(122): Illuminate\\Console\\Application->run(Object(Symfony\\Component\\Console\\Input\\ArgvInput), Object(Symfony\\Component\\Console\\Output\\ConsoleOutput))
#14 /media/jchegenye/legibra/var/www/laravel-projects/monitor/artisan(37): Illuminate\\Foundation\\Console\\Kernel->handle(Object(Symfony\\Component\\Console\\Input\\ArgvInput), Object(Symfony\\Component\\Console\\Output\\ConsoleOutput))
#15 {main}
"} 
[2019-05-08 08:35:25] local.ERROR: Unable to prepare route [api/user] for serialization. Uses Closure. {"exception":"[object] (LogicException(code: 0): Unable to prepare route [api/user] for serialization. Uses Closure. at /media/jchegenye/legibra/var/www/laravel-projects/monitor/vendor/laravel/framework/src/Illuminate/Routing/Route.php:917)
[stacktrace]
#0 /media/jchegenye/legibra/var/www/laravel-projects/monitor/vendor/laravel/framework/src/Illuminate/Foundation/Console/RouteCacheCommand.php(62): Illuminate\\Routing\\Route->prepareForSerialization()
#1 [internal function]: Illuminate\\Foundation\\Console\\RouteCacheCommand->handle()
#2 /media/jchegenye/legibra/var/www/laravel-projects/monitor/vendor/laravel/framework/src/Illuminate/Container/BoundMethod.php(32): call_user_func_array(Array, Array)
#3 /media/jchegenye/legibra/var/www/laravel-projects/monitor/vendor/laravel/framework/src/Illuminate/Container/BoundMethod.php(90): Illuminate\\Container\\BoundMethod::Illuminate\\Container\\{closure}()
#4 /media/jchegenye/legibra/var/www/laravel-projects/monitor/vendor/laravel/framework/src/Illuminate/Container/BoundMethod.php(34): Illuminate\\Container\\BoundMethod::callBoundMethod(Object(Illuminate\\Foundation\\Application), Array, Object(Closure))
#5 /media/jchegenye/legibra/var/www/laravel-projects/monitor/vendor/laravel/framework/src/Illuminate/Container/Container.php(580): Illuminate\\Container\\BoundMethod::call(Object(Illuminate\\Foundation\\Application), Array, Array, NULL)
#6 /media/jchegenye/legibra/var/www/laravel-projects/monitor/vendor/laravel/framework/src/Illuminate/Console/Command.php(183): Illuminate\\Container\\Container->call(Array)
#7 /media/jchegenye/legibra/var/www/laravel-projects/monitor/vendor/symfony/console/Command/Command.php(255): Illuminate\\Console\\Command->execute(Object(Symfony\\Component\\Console\\Input\\ArgvInput), Object(Illuminate\\Console\\OutputStyle))
#8 /media/jchegenye/legibra/var/www/laravel-projects/monitor/vendor/laravel/framework/src/Illuminate/Console/Command.php(170): Symfony\\Component\\Console\\Command\\Command->run(Object(Symfony\\Component\\Console\\Input\\ArgvInput), Object(Illuminate\\Console\\OutputStyle))
#9 /media/jchegenye/legibra/var/www/laravel-projects/monitor/vendor/symfony/console/Application.php(908): Illuminate\\Console\\Command->run(Object(Symfony\\Component\\Console\\Input\\ArgvInput), Object(Symfony\\Component\\Console\\Output\\ConsoleOutput))
#10 /media/jchegenye/legibra/var/www/laravel-projects/monitor/vendor/symfony/console/Application.php(269): Symfony\\Component\\Console\\Application->doRunCommand(Object(Illuminate\\Foundation\\Console\\RouteCacheCommand), Object(Symfony\\Component\\Console\\Input\\ArgvInput), Object(Symfony\\Component\\Console\\Output\\ConsoleOutput))
#11 /media/jchegenye/legibra/var/www/laravel-projects/monitor/vendor/symfony/console/Application.php(145): Symfony\\Component\\Console\\Application->doRun(Object(Symfony\\Component\\Console\\Input\\ArgvInput), Object(Symfony\\Component\\Console\\Output\\ConsoleOutput))
#12 /media/jchegenye/legibra/var/www/laravel-projects/monitor/vendor/laravel/framework/src/Illuminate/Console/Application.php(90): Symfony\\Component\\Console\\Application->run(Object(Symfony\\Component\\Console\\Input\\ArgvInput), Object(Symfony\\Component\\Console\\Output\\ConsoleOutput))
#13 /media/jchegenye/legibra/var/www/laravel-projects/monitor/vendor/laravel/framework/src/Illuminate/Foundation/Console/Kernel.php(122): Illuminate\\Console\\Application->run(Object(Symfony\\Component\\Console\\Input\\ArgvInput), Object(Symfony\\Component\\Console\\Output\\ConsoleOutput))
#14 /media/jchegenye/legibra/var/www/laravel-projects/monitor/artisan(37): Illuminate\\Foundation\\Console\\Kernel->handle(Object(Symfony\\Component\\Console\\Input\\ArgvInput), Object(Symfony\\Component\\Console\\Output\\ConsoleOutput))
#15 {main}
"} 
[2019-05-08 08:45:43] local.ERROR: Too few arguments to function Monitor\ReusableCodes\Uptime\UptimeChecker::check(), 0 passed in /media/jchegenye/legibra/var/www/laravel-projects/monitor/app/Console/Commands/InitializeMonitoringWebsites.php on line 50 and exactly 1 expected {"exception":"[object] (Symfony\\Component\\Debug\\Exception\\FatalThrowableError(code: 0): Too few arguments to function Monitor\\ReusableCodes\\Uptime\\UptimeChecker::check(), 0 passed in /media/jchegenye/legibra/var/www/laravel-projects/monitor/app/Console/Commands/InitializeMonitoringWebsites.php on line 50 and exactly 1 expected at /media/jchegenye/legibra/var/www/laravel-projects/monitor/app/ReusableCodes/Uptime/UptimeChecker.php:144)
[stacktrace]
#0 /media/jchegenye/legibra/var/www/laravel-projects/monitor/app/Console/Commands/InitializeMonitoringWebsites.php(50): Monitor\\ReusableCodes\\Uptime\\UptimeChecker->check()
#1 [internal function]: Monitor\\Console\\Commands\\InitializeMonitoringWebsites->handle()
#2 /media/jchegenye/legibra/var/www/laravel-projects/monitor/vendor/laravel/framework/src/Illuminate/Container/BoundMethod.php(32): call_user_func_array(Array, Array)
#3 /media/jchegenye/legibra/var/www/laravel-projects/monitor/vendor/laravel/framework/src/Illuminate/Container/BoundMethod.php(90): Illuminate\\Container\\BoundMethod::Illuminate\\Container\\{closure}()
#4 /media/jchegenye/legibra/var/www/laravel-projects/monitor/vendor/laravel/framework/src/Illuminate/Container/BoundMethod.php(34): Illuminate\\Container\\BoundMethod::callBoundMethod(Object(Illuminate\\Foundation\\Application), Array, Object(Closure))
#5 /media/jchegenye/legibra/var/www/laravel-projects/monitor/vendor/laravel/framework/src/Illuminate/Container/Container.php(580): Illuminate\\Container\\BoundMethod::call(Object(Illuminate\\Foundation\\Application), Array, Array, NULL)
#6 /media/jchegenye/legibra/var/www/laravel-projects/monitor/vendor/laravel/framework/src/Illuminate/Console/Command.php(183): Illuminate\\Container\\Container->call(Array)
#7 /media/jchegenye/legibra/var/www/laravel-projects/monitor/vendor/symfony/console/Command/Command.php(255): Illuminate\\Console\\Command->execute(Object(Symfony\\Component\\Console\\Input\\ArgvInput), Object(Illuminate\\Console\\OutputStyle))
#8 /media/jchegenye/legibra/var/www/laravel-projects/monitor/vendor/laravel/framework/src/Illuminate/Console/Command.php(170): Symfony\\Component\\Console\\Command\\Command->run(Object(Symfony\\Component\\Console\\Input\\ArgvInput), Object(Illuminate\\Console\\OutputStyle))
#9 /media/jchegenye/legibra/var/www/laravel-projects/monitor/vendor/symfony/console/Application.php(908): Illuminate\\Console\\Command->run(Object(Symfony\\Component\\Console\\Input\\ArgvInput), Object(Symfony\\Component\\Console\\Output\\ConsoleOutput))
#10 /media/jchegenye/legibra/var/www/laravel-projects/monitor/vendor/symfony/console/Application.php(269): Symfony\\Component\\Console\\Application->doRunCommand(Object(Monitor\\Console\\Commands\\InitializeMonitoringWebsites), Object(Symfony\\Component\\Console\\Input\\ArgvInput), Object(Symfony\\Component\\Console\\Output\\ConsoleOutput))
#11 /media/jchegenye/legibra/var/www/laravel-projects/monitor/vendor/symfony/console/Application.php(145): Symfony\\Component\\Console\\Application->doRun(Object(Symfony\\Component\\Console\\Input\\ArgvInput), Object(Symfony\\Component\\Console\\Output\\ConsoleOutput))
#12 /media/jchegenye/legibra/var/www/laravel-projects/monitor/vendor/laravel/framework/src/Illuminate/Console/Application.php(90): Symfony\\Component\\Console\\Application->run(Object(Symfony\\Component\\Console\\Input\\ArgvInput), Object(Symfony\\Component\\Console\\Output\\ConsoleOutput))
#13 /media/jchegenye/legibra/var/www/laravel-projects/monitor/vendor/laravel/framework/src/Illuminate/Foundation/Console/Kernel.php(122): Illuminate\\Console\\Application->run(Object(Symfony\\Component\\Console\\Input\\ArgvInput), Object(Symfony\\Component\\Console\\Output\\ConsoleOutput))
#14 /media/jchegenye/legibra/var/www/laravel-projects/monitor/artisan(37): Illuminate\\Foundation\\Console\\Kernel->handle(Object(Symfony\\Component\\Console\\Input\\ArgvInput), Object(Symfony\\Component\\Console\\Output\\ConsoleOutput))
#15 {main}
"} 
[2019-05-08 08:46:56] local.ERROR: Method Monitor\Console\Commands\InitializeMonitoringWebsites::check does not exist. {"exception":"[object] (BadMethodCallException(code: 0): Method Monitor\\Console\\Commands\\InitializeMonitoringWebsites::check does not exist. at /media/jchegenye/legibra/var/www/laravel-projects/monitor/vendor/laravel/framework/src/Illuminate/Support/Traits/Macroable.php:102)
[stacktrace]
#0 /media/jchegenye/legibra/var/www/laravel-projects/monitor/app/Console/Commands/InitializeMonitoringWebsites.php(49): Illuminate\\Console\\Command->__call('check', Array)
#1 [internal function]: Monitor\\Console\\Commands\\InitializeMonitoringWebsites->handle()
#2 /media/jchegenye/legibra/var/www/laravel-projects/monitor/vendor/laravel/framework/src/Illuminate/Container/BoundMethod.php(32): call_user_func_array(Array, Array)
#3 /media/jchegenye/legibra/var/www/laravel-projects/monitor/vendor/laravel/framework/src/Illuminate/Container/BoundMethod.php(90): Illuminate\\Container\\BoundMethod::Illuminate\\Container\\{closure}()
#4 /media/jchegenye/legibra/var/www/laravel-projects/monitor/vendor/laravel/framework/src/Illuminate/Container/BoundMethod.php(34): Illuminate\\Container\\BoundMethod::callBoundMethod(Object(Illuminate\\Foundation\\Application), Array, Object(Closure))
#5 /media/jchegenye/legibra/var/www/laravel-projects/monitor/vendor/laravel/framework/src/Illuminate/Container/Container.php(580): Illuminate\\Container\\BoundMethod::call(Object(Illuminate\\Foundation\\Application), Array, Array, NULL)
#6 /media/jchegenye/legibra/var/www/laravel-projects/monitor/vendor/laravel/framework/src/Illuminate/Console/Command.php(183): Illuminate\\Container\\Container->call(Array)
#7 /media/jchegenye/legibra/var/www/laravel-projects/monitor/vendor/symfony/console/Command/Command.php(255): Illuminate\\Console\\Command->execute(Object(Symfony\\Component\\Console\\Input\\ArgvInput), Object(Illuminate\\Console\\OutputStyle))
#8 /media/jchegenye/legibra/var/www/laravel-projects/monitor/vendor/laravel/framework/src/Illuminate/Console/Command.php(170): Symfony\\Component\\Console\\Command\\Command->run(Object(Symfony\\Component\\Console\\Input\\ArgvInput), Object(Illuminate\\Console\\OutputStyle))
#9 /media/jchegenye/legibra/var/www/laravel-projects/monitor/vendor/symfony/console/Application.php(908): Illuminate\\Console\\Command->run(Object(Symfony\\Component\\Console\\Input\\ArgvInput), Object(Symfony\\Component\\Console\\Output\\ConsoleOutput))
#10 /media/jchegenye/legibra/var/www/laravel-projects/monitor/vendor/symfony/console/Application.php(269): Symfony\\Component\\Console\\Application->doRunCommand(Object(Monitor\\Console\\Commands\\InitializeMonitoringWebsites), Object(Symfony\\Component\\Console\\Input\\ArgvInput), Object(Symfony\\Component\\Console\\Output\\ConsoleOutput))
#11 /media/jchegenye/legibra/var/www/laravel-projects/monitor/vendor/symfony/console/Application.php(145): Symfony\\Component\\Console\\Application->doRun(Object(Symfony\\Component\\Console\\Input\\ArgvInput), Object(Symfony\\Component\\Console\\Output\\ConsoleOutput))
#12 /media/jchegenye/legibra/var/www/laravel-projects/monitor/vendor/laravel/framework/src/Illuminate/Console/Application.php(90): Symfony\\Component\\Console\\Application->run(Object(Symfony\\Component\\Console\\Input\\ArgvInput), Object(Symfony\\Component\\Console\\Output\\ConsoleOutput))
#13 /media/jchegenye/legibra/var/www/laravel-projects/monitor/vendor/laravel/framework/src/Illuminate/Foundation/Console/Kernel.php(122): Illuminate\\Console\\Application->run(Object(Symfony\\Component\\Console\\Input\\ArgvInput), Object(Symfony\\Component\\Console\\Output\\ConsoleOutput))
#14 /media/jchegenye/legibra/var/www/laravel-projects/monitor/artisan(37): Illuminate\\Foundation\\Console\\Kernel->handle(Object(Symfony\\Component\\Console\\Input\\ArgvInput), Object(Symfony\\Component\\Console\\Output\\ConsoleOutput))
#15 {main}
"} 
[2019-05-08 08:48:59] local.ERROR: Non-static method Monitor\ReusableCodes\Uptime\UptimeChecker::check() should not be called statically {"exception":"[object] (ErrorException(code: 0): Non-static method Monitor\\ReusableCodes\\Uptime\\UptimeChecker::check() should not be called statically at /media/jchegenye/legibra/var/www/laravel-projects/monitor/app/Console/Commands/InitializeMonitoringWebsites.php:49)
[stacktrace]
#0 /media/jchegenye/legibra/var/www/laravel-projects/monitor/app/Console/Commands/InitializeMonitoringWebsites.php(49): Illuminate\\Foundation\\Bootstrap\\HandleExceptions->handleError(8192, 'Non-static meth...', '/media/jchegeny...', 49, Array)
#1 [internal function]: Monitor\\Console\\Commands\\InitializeMonitoringWebsites->handle()
#2 /media/jchegenye/legibra/var/www/laravel-projects/monitor/vendor/laravel/framework/src/Illuminate/Container/BoundMethod.php(32): call_user_func_array(Array, Array)
#3 /media/jchegenye/legibra/var/www/laravel-projects/monitor/vendor/laravel/framework/src/Illuminate/Container/BoundMethod.php(90): Illuminate\\Container\\BoundMethod::Illuminate\\Container\\{closure}()
#4 /media/jchegenye/legibra/var/www/laravel-projects/monitor/vendor/laravel/framework/src/Illuminate/Container/BoundMethod.php(34): Illuminate\\Container\\BoundMethod::callBoundMethod(Object(Illuminate\\Foundation\\Application), Array, Object(Closure))
#5 /media/jchegenye/legibra/var/www/laravel-projects/monitor/vendor/laravel/framework/src/Illuminate/Container/Container.php(580): Illuminate\\Container\\BoundMethod::call(Object(Illuminate\\Foundation\\Application), Array, Array, NULL)
#6 /media/jchegenye/legibra/var/www/laravel-projects/monitor/vendor/laravel/framework/src/Illuminate/Console/Command.php(183): Illuminate\\Container\\Container->call(Array)
#7 /media/jchegenye/legibra/var/www/laravel-projects/monitor/vendor/symfony/console/Command/Command.php(255): Illuminate\\Console\\Command->execute(Object(Symfony\\Component\\Console\\Input\\ArgvInput), Object(Illuminate\\Console\\OutputStyle))
#8 /media/jchegenye/legibra/var/www/laravel-projects/monitor/vendor/laravel/framework/src/Illuminate/Console/Command.php(170): Symfony\\Component\\Console\\Command\\Command->run(Object(Symfony\\Component\\Console\\Input\\ArgvInput), Object(Illuminate\\Console\\OutputStyle))
#9 /media/jchegenye/legibra/var/www/laravel-projects/monitor/vendor/symfony/console/Application.php(908): Illuminate\\Console\\Command->run(Object(Symfony\\Component\\Console\\Input\\ArgvInput), Object(Symfony\\Component\\Console\\Output\\ConsoleOutput))
#10 /media/jchegenye/legibra/var/www/laravel-projects/monitor/vendor/symfony/console/Application.php(269): Symfony\\Component\\Console\\Application->doRunCommand(Object(Monitor\\Console\\Commands\\InitializeMonitoringWebsites), Object(Symfony\\Component\\Console\\Input\\ArgvInput), Object(Symfony\\Component\\Console\\Output\\ConsoleOutput))
#11 /media/jchegenye/legibra/var/www/laravel-projects/monitor/vendor/symfony/console/Application.php(145): Symfony\\Component\\Console\\Application->doRun(Object(Symfony\\Component\\Console\\Input\\ArgvInput), Object(Symfony\\Component\\Console\\Output\\ConsoleOutput))
#12 /media/jchegenye/legibra/var/www/laravel-projects/monitor/vendor/laravel/framework/src/Illuminate/Console/Application.php(90): Symfony\\Component\\Console\\Application->run(Object(Symfony\\Component\\Console\\Input\\ArgvInput), Object(Symfony\\Component\\Console\\Output\\ConsoleOutput))
#13 /media/jchegenye/legibra/var/www/laravel-projects/monitor/vendor/laravel/framework/src/Illuminate/Foundation/Console/Kernel.php(122): Illuminate\\Console\\Application->run(Object(Symfony\\Component\\Console\\Input\\ArgvInput), Object(Symfony\\Component\\Console\\Output\\ConsoleOutput))
#14 /media/jchegenye/legibra/var/www/laravel-projects/monitor/artisan(37): Illuminate\\Foundation\\Console\\Kernel->handle(Object(Symfony\\Component\\Console\\Input\\ArgvInput), Object(Symfony\\Component\\Console\\Output\\ConsoleOutput))
#15 {main}
"} 
[2019-05-08 09:14:28] local.ERROR: Call to undefined function Monitor\ReusableCodes\Uptime\get_curl_remote_ips() {"exception":"[object] (Symfony\\Component\\Debug\\Exception\\FatalThrowableError(code: 0): Call to undefined function Monitor\\ReusableCodes\\Uptime\\get_curl_remote_ips() at /media/jchegenye/legibra/var/www/laravel-projects/monitor/app/ReusableCodes/Uptime/UptimeChecker.php:155)
[stacktrace]
#0 [internal function]: Monitor\\ReusableCodes\\Uptime\\UptimeChecker->Monitor\\ReusableCodes\\Uptime\\{closure}(Object(GuzzleHttp\\TransferStats))
#1 /media/jchegenye/legibra/var/www/laravel-projects/monitor/vendor/guzzlehttp/guzzle/src/Handler/CurlFactory.php(127): call_user_func(Object(Closure), Object(GuzzleHttp\\TransferStats))
#2 /media/jchegenye/legibra/var/www/laravel-projects/monitor/vendor/guzzlehttp/guzzle/src/Handler/CurlFactory.php(98): GuzzleHttp\\Handler\\CurlFactory::invokeStats(Object(GuzzleHttp\\Handler\\EasyHandle))
#3 /media/jchegenye/legibra/var/www/laravel-projects/monitor/vendor/guzzlehttp/guzzle/src/Handler/CurlHandler.php(43): GuzzleHttp\\Handler\\CurlFactory::finish(Object(GuzzleHttp\\Handler\\CurlHandler), Object(GuzzleHttp\\Handler\\EasyHandle), Object(GuzzleHttp\\Handler\\CurlFactory))
#4 /media/jchegenye/legibra/var/www/laravel-projects/monitor/vendor/guzzlehttp/guzzle/src/Handler/Proxy.php(28): GuzzleHttp\\Handler\\CurlHandler->__invoke(Object(GuzzleHttp\\Psr7\\Request), Array)
#5 /media/jchegenye/legibra/var/www/laravel-projects/monitor/vendor/guzzlehttp/guzzle/src/Handler/Proxy.php(51): GuzzleHttp\\Handler\\Proxy::GuzzleHttp\\Handler\\{closure}(Object(GuzzleHttp\\Psr7\\Request), Array)
#6 /media/jchegenye/legibra/var/www/laravel-projects/monitor/vendor/guzzlehttp/guzzle/src/PrepareBodyMiddleware.php(37): GuzzleHttp\\Handler\\Proxy::GuzzleHttp\\Handler\\{closure}(Object(GuzzleHttp\\Psr7\\Request), Array)
#7 /media/jchegenye/legibra/var/www/laravel-projects/monitor/vendor/guzzlehttp/guzzle/src/Middleware.php(30): GuzzleHttp\\PrepareBodyMiddleware->__invoke(Object(GuzzleHttp\\Psr7\\Request), Array)
#8 /media/jchegenye/legibra/var/www/laravel-projects/monitor/vendor/guzzlehttp/guzzle/src/RedirectMiddleware.php(70): GuzzleHttp\\Middleware::GuzzleHttp\\{closure}(Object(GuzzleHttp\\Psr7\\Request), Array)
#9 /media/jchegenye/legibra/var/www/laravel-projects/monitor/vendor/guzzlehttp/guzzle/src/Middleware.php(60): GuzzleHttp\\RedirectMiddleware->__invoke(Object(GuzzleHttp\\Psr7\\Request), Array)
#10 /media/jchegenye/legibra/var/www/laravel-projects/monitor/vendor/guzzlehttp/guzzle/src/HandlerStack.php(67): GuzzleHttp\\Middleware::GuzzleHttp\\{closure}(Object(GuzzleHttp\\Psr7\\Request), Array)
#11 /media/jchegenye/legibra/var/www/laravel-projects/monitor/vendor/guzzlehttp/guzzle/src/Client.php(277): GuzzleHttp\\HandlerStack->__invoke(Object(GuzzleHttp\\Psr7\\Request), Array)
#12 /media/jchegenye/legibra/var/www/laravel-projects/monitor/vendor/guzzlehttp/guzzle/src/Client.php(125): GuzzleHttp\\Client->transfer(Object(GuzzleHttp\\Psr7\\Request), Array)
#13 /media/jchegenye/legibra/var/www/laravel-projects/monitor/vendor/guzzlehttp/guzzle/src/Client.php(131): GuzzleHttp\\Client->requestAsync('GET', Object(GuzzleHttp\\Psr7\\Uri), Array)
#14 /media/jchegenye/legibra/var/www/laravel-projects/monitor/app/ReusableCodes/Uptime/UptimeChecker.php(157): GuzzleHttp\\Client->request('GET', 'https://legibra...', Array)
#15 /media/jchegenye/legibra/var/www/laravel-projects/monitor/app/ReusableCodes/Uptime/UptimeChecker.php(279): Monitor\\ReusableCodes\\Uptime\\UptimeChecker->check('https://legibra...')
#16 /media/jchegenye/legibra/var/www/laravel-projects/monitor/app/Console/Commands/InitializeMonitoringWebsites.php(50): Monitor\\ReusableCodes\\Uptime\\UptimeChecker->results()
#17 [internal function]: Monitor\\Console\\Commands\\InitializeMonitoringWebsites->handle()
#18 /media/jchegenye/legibra/var/www/laravel-projects/monitor/vendor/laravel/framework/src/Illuminate/Container/BoundMethod.php(32): call_user_func_array(Array, Array)
#19 /media/jchegenye/legibra/var/www/laravel-projects/monitor/vendor/laravel/framework/src/Illuminate/Container/BoundMethod.php(90): Illuminate\\Container\\BoundMethod::Illuminate\\Container\\{closure}()
#20 /media/jchegenye/legibra/var/www/laravel-projects/monitor/vendor/laravel/framework/src/Illuminate/Container/BoundMethod.php(34): Illuminate\\Container\\BoundMethod::callBoundMethod(Object(Illuminate\\Foundation\\Application), Array, Object(Closure))
#21 /media/jchegenye/legibra/var/www/laravel-projects/monitor/vendor/laravel/framework/src/Illuminate/Container/Container.php(580): Illuminate\\Container\\BoundMethod::call(Object(Illuminate\\Foundation\\Application), Array, Array, NULL)
#22 /media/jchegenye/legibra/var/www/laravel-projects/monitor/vendor/laravel/framework/src/Illuminate/Console/Command.php(183): Illuminate\\Container\\Container->call(Array)
#23 /media/jchegenye/legibra/var/www/laravel-projects/monitor/vendor/symfony/console/Command/Command.php(255): Illuminate\\Console\\Command->execute(Object(Symfony\\Component\\Console\\Input\\ArgvInput), Object(Illuminate\\Console\\OutputStyle))
#24 /media/jchegenye/legibra/var/www/laravel-projects/monitor/vendor/laravel/framework/src/Illuminate/Console/Command.php(170): Symfony\\Component\\Console\\Command\\Command->run(Object(Symfony\\Component\\Console\\Input\\ArgvInput), Object(Illuminate\\Console\\OutputStyle))
#25 /media/jchegenye/legibra/var/www/laravel-projects/monitor/vendor/symfony/console/Application.php(908): Illuminate\\Console\\Command->run(Object(Symfony\\Component\\Console\\Input\\ArgvInput), Object(Symfony\\Component\\Console\\Output\\ConsoleOutput))
#26 /media/jchegenye/legibra/var/www/laravel-projects/monitor/vendor/symfony/console/Application.php(269): Symfony\\Component\\Console\\Application->doRunCommand(Object(Monitor\\Console\\Commands\\InitializeMonitoringWebsites), Object(Symfony\\Component\\Console\\Input\\ArgvInput), Object(Symfony\\Component\\Console\\Output\\ConsoleOutput))
#27 /media/jchegenye/legibra/var/www/laravel-projects/monitor/vendor/symfony/console/Application.php(145): Symfony\\Component\\Console\\Application->doRun(Object(Symfony\\Component\\Console\\Input\\ArgvInput), Object(Symfony\\Component\\Console\\Output\\ConsoleOutput))
#28 /media/jchegenye/legibra/var/www/laravel-projects/monitor/vendor/laravel/framework/src/Illuminate/Console/Application.php(90): Symfony\\Component\\Console\\Application->run(Object(Symfony\\Component\\Console\\Input\\ArgvInput), Object(Symfony\\Component\\Console\\Output\\ConsoleOutput))
#29 /media/jchegenye/legibra/var/www/laravel-projects/monitor/vendor/laravel/framework/src/Illuminate/Foundation/Console/Kernel.php(122): Illuminate\\Console\\Application->run(Object(Symfony\\Component\\Console\\Input\\ArgvInput), Object(Symfony\\Component\\Console\\Output\\ConsoleOutput))
#30 /media/jchegenye/legibra/var/www/laravel-projects/monitor/artisan(37): Illuminate\\Foundation\\Console\\Kernel->handle(Object(Symfony\\Component\\Console\\Input\\ArgvInput), Object(Symfony\\Component\\Console\\Output\\ConsoleOutput))
#31 {main}
"} 
[2019-05-08 09:49:23] local.ERROR: Undefined variable: websites {"exception":"[object] (ErrorException(code: 0): Undefined variable: websites at /media/jchegenye/legibra/var/www/laravel-projects/monitor/app/Console/Commands/InitializeMonitoringWebsites.php:67)
[stacktrace]
#0 /media/jchegenye/legibra/var/www/laravel-projects/monitor/app/Console/Commands/InitializeMonitoringWebsites.php(67): Illuminate\\Foundation\\Bootstrap\\HandleExceptions->handleError(8, 'Undefined varia...', '/media/jchegeny...', 67, Array)
#1 [internal function]: Monitor\\Console\\Commands\\InitializeMonitoringWebsites->handle()
#2 /media/jchegenye/legibra/var/www/laravel-projects/monitor/vendor/laravel/framework/src/Illuminate/Container/BoundMethod.php(32): call_user_func_array(Array, Array)
#3 /media/jchegenye/legibra/var/www/laravel-projects/monitor/vendor/laravel/framework/src/Illuminate/Container/BoundMethod.php(90): Illuminate\\Container\\BoundMethod::Illuminate\\Container\\{closure}()
#4 /media/jchegenye/legibra/var/www/laravel-projects/monitor/vendor/laravel/framework/src/Illuminate/Container/BoundMethod.php(34): Illuminate\\Container\\BoundMethod::callBoundMethod(Object(Illuminate\\Foundation\\Application), Array, Object(Closure))
#5 /media/jchegenye/legibra/var/www/laravel-projects/monitor/vendor/laravel/framework/src/Illuminate/Container/Container.php(580): Illuminate\\Container\\BoundMethod::call(Object(Illuminate\\Foundation\\Application), Array, Array, NULL)
#6 /media/jchegenye/legibra/var/www/laravel-projects/monitor/vendor/laravel/framework/src/Illuminate/Console/Command.php(183): Illuminate\\Container\\Container->call(Array)
#7 /media/jchegenye/legibra/var/www/laravel-projects/monitor/vendor/symfony/console/Command/Command.php(255): Illuminate\\Console\\Command->execute(Object(Symfony\\Component\\Console\\Input\\ArgvInput), Object(Illuminate\\Console\\OutputStyle))
#8 /media/jchegenye/legibra/var/www/laravel-projects/monitor/vendor/laravel/framework/src/Illuminate/Console/Command.php(170): Symfony\\Component\\Console\\Command\\Command->run(Object(Symfony\\Component\\Console\\Input\\ArgvInput), Object(Illuminate\\Console\\OutputStyle))
#9 /media/jchegenye/legibra/var/www/laravel-projects/monitor/vendor/symfony/console/Application.php(908): Illuminate\\Console\\Command->run(Object(Symfony\\Component\\Console\\Input\\ArgvInput), Object(Symfony\\Component\\Console\\Output\\ConsoleOutput))
#10 /media/jchegenye/legibra/var/www/laravel-projects/monitor/vendor/symfony/console/Application.php(269): Symfony\\Component\\Console\\Application->doRunCommand(Object(Monitor\\Console\\Commands\\InitializeMonitoringWebsites), Object(Symfony\\Component\\Console\\Input\\ArgvInput), Object(Symfony\\Component\\Console\\Output\\ConsoleOutput))
#11 /media/jchegenye/legibra/var/www/laravel-projects/monitor/vendor/symfony/console/Application.php(145): Symfony\\Component\\Console\\Application->doRun(Object(Symfony\\Component\\Console\\Input\\ArgvInput), Object(Symfony\\Component\\Console\\Output\\ConsoleOutput))
#12 /media/jchegenye/legibra/var/www/laravel-projects/monitor/vendor/laravel/framework/src/Illuminate/Console/Application.php(90): Symfony\\Component\\Console\\Application->run(Object(Symfony\\Component\\Console\\Input\\ArgvInput), Object(Symfony\\Component\\Console\\Output\\ConsoleOutput))
#13 /media/jchegenye/legibra/var/www/laravel-projects/monitor/vendor/laravel/framework/src/Illuminate/Foundation/Console/Kernel.php(122): Illuminate\\Console\\Application->run(Object(Symfony\\Component\\Console\\Input\\ArgvInput), Object(Symfony\\Component\\Console\\Output\\ConsoleOutput))
#14 /media/jchegenye/legibra/var/www/laravel-projects/monitor/artisan(37): Illuminate\\Foundation\\Console\\Kernel->handle(Object(Symfony\\Component\\Console\\Input\\ArgvInput), Object(Symfony\\Component\\Console\\Output\\ConsoleOutput))
#15 {main}
"} 
[2019-05-08 09:51:30] local.ERROR: Undefined variable: arr {"exception":"[object] (ErrorException(code: 0): Undefined variable: arr at /media/jchegenye/legibra/var/www/laravel-projects/monitor/app/Console/Commands/InitializeMonitoringWebsites.php:51)
[stacktrace]
#0 /media/jchegenye/legibra/var/www/laravel-projects/monitor/app/Console/Commands/InitializeMonitoringWebsites.php(51): Illuminate\\Foundation\\Bootstrap\\HandleExceptions->handleError(8, 'Undefined varia...', '/media/jchegeny...', 51, Array)
#1 [internal function]: Monitor\\Console\\Commands\\InitializeMonitoringWebsites->handle()
#2 /media/jchegenye/legibra/var/www/laravel-projects/monitor/vendor/laravel/framework/src/Illuminate/Container/BoundMethod.php(32): call_user_func_array(Array, Array)
#3 /media/jchegenye/legibra/var/www/laravel-projects/monitor/vendor/laravel/framework/src/Illuminate/Container/BoundMethod.php(90): Illuminate\\Container\\BoundMethod::Illuminate\\Container\\{closure}()
#4 /media/jchegenye/legibra/var/www/laravel-projects/monitor/vendor/laravel/framework/src/Illuminate/Container/BoundMethod.php(34): Illuminate\\Container\\BoundMethod::callBoundMethod(Object(Illuminate\\Foundation\\Application), Array, Object(Closure))
#5 /media/jchegenye/legibra/var/www/laravel-projects/monitor/vendor/laravel/framework/src/Illuminate/Container/Container.php(580): Illuminate\\Container\\BoundMethod::call(Object(Illuminate\\Foundation\\Application), Array, Array, NULL)
#6 /media/jchegenye/legibra/var/www/laravel-projects/monitor/vendor/laravel/framework/src/Illuminate/Console/Command.php(183): Illuminate\\Container\\Container->call(Array)
#7 /media/jchegenye/legibra/var/www/laravel-projects/monitor/vendor/symfony/console/Command/Command.php(255): Illuminate\\Console\\Command->execute(Object(Symfony\\Component\\Console\\Input\\ArgvInput), Object(Illuminate\\Console\\OutputStyle))
#8 /media/jchegenye/legibra/var/www/laravel-projects/monitor/vendor/laravel/framework/src/Illuminate/Console/Command.php(170): Symfony\\Component\\Console\\Command\\Command->run(Object(Symfony\\Component\\Console\\Input\\ArgvInput), Object(Illuminate\\Console\\OutputStyle))
#9 /media/jchegenye/legibra/var/www/laravel-projects/monitor/vendor/symfony/console/Application.php(908): Illuminate\\Console\\Command->run(Object(Symfony\\Component\\Console\\Input\\ArgvInput), Object(Symfony\\Component\\Console\\Output\\ConsoleOutput))
#10 /media/jchegenye/legibra/var/www/laravel-projects/monitor/vendor/symfony/console/Application.php(269): Symfony\\Component\\Console\\Application->doRunCommand(Object(Monitor\\Console\\Commands\\InitializeMonitoringWebsites), Object(Symfony\\Component\\Console\\Input\\ArgvInput), Object(Symfony\\Component\\Console\\Output\\ConsoleOutput))
#11 /media/jchegenye/legibra/var/www/laravel-projects/monitor/vendor/symfony/console/Application.php(145): Symfony\\Component\\Console\\Application->doRun(Object(Symfony\\Component\\Console\\Input\\ArgvInput), Object(Symfony\\Component\\Console\\Output\\ConsoleOutput))
#12 /media/jchegenye/legibra/var/www/laravel-projects/monitor/vendor/laravel/framework/src/Illuminate/Console/Application.php(90): Symfony\\Component\\Console\\Application->run(Object(Symfony\\Component\\Console\\Input\\ArgvInput), Object(Symfony\\Component\\Console\\Output\\ConsoleOutput))
#13 /media/jchegenye/legibra/var/www/laravel-projects/monitor/vendor/laravel/framework/src/Illuminate/Foundation/Console/Kernel.php(122): Illuminate\\Console\\Application->run(Object(Symfony\\Component\\Console\\Input\\ArgvInput), Object(Symfony\\Component\\Console\\Output\\ConsoleOutput))
#14 /media/jchegenye/legibra/var/www/laravel-projects/monitor/artisan(37): Illuminate\\Foundation\\Console\\Kernel->handle(Object(Symfony\\Component\\Console\\Input\\ArgvInput), Object(Symfony\\Component\\Console\\Output\\ConsoleOutput))
#15 {main}
"} 
[2019-05-08 09:53:05] local.ERROR: Argument 1 passed to Illuminate\Database\Query\Builder::cleanBindings() must be of the type array, string given, called in /media/jchegenye/legibra/var/www/laravel-projects/monitor/vendor/laravel/framework/src/Illuminate/Database/Query/Builder.php on line 870 {"exception":"[object] (Symfony\\Component\\Debug\\Exception\\FatalThrowableError(code: 0): Argument 1 passed to Illuminate\\Database\\Query\\Builder::cleanBindings() must be of the type array, string given, called in /media/jchegenye/legibra/var/www/laravel-projects/monitor/vendor/laravel/framework/src/Illuminate/Database/Query/Builder.php on line 870 at /media/jchegenye/legibra/var/www/laravel-projects/monitor/vendor/laravel/framework/src/Illuminate/Database/Query/Builder.php:2902)
[stacktrace]
#0 /media/jchegenye/legibra/var/www/laravel-projects/monitor/vendor/laravel/framework/src/Illuminate/Database/Query/Builder.php(870): Illuminate\\Database\\Query\\Builder->cleanBindings('legibra.com')
#1 /media/jchegenye/legibra/var/www/laravel-projects/monitor/vendor/laravel/framework/src/Illuminate/Database/Query/Builder.php(897): Illuminate\\Database\\Query\\Builder->whereIn('uri', 'legibra.com', 'and', true)
#2 /media/jchegenye/legibra/var/www/laravel-projects/monitor/vendor/laravel/framework/src/Illuminate/Support/Traits/ForwardsCalls.php(23): Illuminate\\Database\\Query\\Builder->whereNotIn('uri', 'legibra.com')
#3 /media/jchegenye/legibra/var/www/laravel-projects/monitor/vendor/laravel/framework/src/Illuminate/Database/Eloquent/Builder.php(1350): Illuminate\\Database\\Eloquent\\Builder->forwardCallTo(Object(Jenssegers\\Mongodb\\Query\\Builder), 'whereNotIn', Array)
#4 /media/jchegenye/legibra/var/www/laravel-projects/monitor/vendor/laravel/framework/src/Illuminate/Support/Traits/ForwardsCalls.php(23): Illuminate\\Database\\Eloquent\\Builder->__call('whereNotIn', Array)
#5 /media/jchegenye/legibra/var/www/laravel-projects/monitor/vendor/laravel/framework/src/Illuminate/Database/Eloquent/Model.php(1616): Illuminate\\Database\\Eloquent\\Model->forwardCallTo(Object(Jenssegers\\Mongodb\\Eloquent\\Builder), 'whereNotIn', Array)
#6 /media/jchegenye/legibra/var/www/laravel-projects/monitor/vendor/jenssegers/mongodb/src/Jenssegers/Mongodb/Eloquent/Model.php(488): Illuminate\\Database\\Eloquent\\Model->__call('whereNotIn', Array)
#7 /media/jchegenye/legibra/var/www/laravel-projects/monitor/vendor/laravel/framework/src/Illuminate/Database/Eloquent/Model.php(1628): Jenssegers\\Mongodb\\Eloquent\\Model->__call('whereNotIn', Array)
#8 /media/jchegenye/legibra/var/www/laravel-projects/monitor/app/Console/Commands/InitializeMonitoringWebsites.php(55): Illuminate\\Database\\Eloquent\\Model::__callStatic('whereNotIn', Array)
#9 [internal function]: Monitor\\Console\\Commands\\InitializeMonitoringWebsites->handle()
#10 /media/jchegenye/legibra/var/www/laravel-projects/monitor/vendor/laravel/framework/src/Illuminate/Container/BoundMethod.php(32): call_user_func_array(Array, Array)
#11 /media/jchegenye/legibra/var/www/laravel-projects/monitor/vendor/laravel/framework/src/Illuminate/Container/BoundMethod.php(90): Illuminate\\Container\\BoundMethod::Illuminate\\Container\\{closure}()
#12 /media/jchegenye/legibra/var/www/laravel-projects/monitor/vendor/laravel/framework/src/Illuminate/Container/BoundMethod.php(34): Illuminate\\Container\\BoundMethod::callBoundMethod(Object(Illuminate\\Foundation\\Application), Array, Object(Closure))
#13 /media/jchegenye/legibra/var/www/laravel-projects/monitor/vendor/laravel/framework/src/Illuminate/Container/Container.php(580): Illuminate\\Container\\BoundMethod::call(Object(Illuminate\\Foundation\\Application), Array, Array, NULL)
#14 /media/jchegenye/legibra/var/www/laravel-projects/monitor/vendor/laravel/framework/src/Illuminate/Console/Command.php(183): Illuminate\\Container\\Container->call(Array)
#15 /media/jchegenye/legibra/var/www/laravel-projects/monitor/vendor/symfony/console/Command/Command.php(255): Illuminate\\Console\\Command->execute(Object(Symfony\\Component\\Console\\Input\\ArgvInput), Object(Illuminate\\Console\\OutputStyle))
#16 /media/jchegenye/legibra/var/www/laravel-projects/monitor/vendor/laravel/framework/src/Illuminate/Console/Command.php(170): Symfony\\Component\\Console\\Command\\Command->run(Object(Symfony\\Component\\Console\\Input\\ArgvInput), Object(Illuminate\\Console\\OutputStyle))
#17 /media/jchegenye/legibra/var/www/laravel-projects/monitor/vendor/symfony/console/Application.php(908): Illuminate\\Console\\Command->run(Object(Symfony\\Component\\Console\\Input\\ArgvInput), Object(Symfony\\Component\\Console\\Output\\ConsoleOutput))
#18 /media/jchegenye/legibra/var/www/laravel-projects/monitor/vendor/symfony/console/Application.php(269): Symfony\\Component\\Console\\Application->doRunCommand(Object(Monitor\\Console\\Commands\\InitializeMonitoringWebsites), Object(Symfony\\Component\\Console\\Input\\ArgvInput), Object(Symfony\\Component\\Console\\Output\\ConsoleOutput))
#19 /media/jchegenye/legibra/var/www/laravel-projects/monitor/vendor/symfony/console/Application.php(145): Symfony\\Component\\Console\\Application->doRun(Object(Symfony\\Component\\Console\\Input\\ArgvInput), Object(Symfony\\Component\\Console\\Output\\ConsoleOutput))
#20 /media/jchegenye/legibra/var/www/laravel-projects/monitor/vendor/laravel/framework/src/Illuminate/Console/Application.php(90): Symfony\\Component\\Console\\Application->run(Object(Symfony\\Component\\Console\\Input\\ArgvInput), Object(Symfony\\Component\\Console\\Output\\ConsoleOutput))
#21 /media/jchegenye/legibra/var/www/laravel-projects/monitor/vendor/laravel/framework/src/Illuminate/Foundation/Console/Kernel.php(122): Illuminate\\Console\\Application->run(Object(Symfony\\Component\\Console\\Input\\ArgvInput), Object(Symfony\\Component\\Console\\Output\\ConsoleOutput))
#22 /media/jchegenye/legibra/var/www/laravel-projects/monitor/artisan(37): Illuminate\\Foundation\\Console\\Kernel->handle(Object(Symfony\\Component\\Console\\Input\\ArgvInput), Object(Symfony\\Component\\Console\\Output\\ConsoleOutput))
#23 {main}
"} 
[2019-05-08 10:07:07] local.ERROR: $or/$and/$nor entries need to be full objects {"exception":"[object] (MongoDB\\Driver\\Exception\\ServerException(code: 2): $or/$and/$nor entries need to be full objects at /media/jchegenye/legibra/var/www/laravel-projects/monitor/vendor/mongodb/mongodb/src/Operation/Find.php:299)
[stacktrace]
#0 /media/jchegenye/legibra/var/www/laravel-projects/monitor/vendor/mongodb/mongodb/src/Operation/Find.php(299): MongoDB\\Driver\\Server->executeQuery('monitor.uptime', Object(MongoDB\\Driver\\Query), Array)
#1 /media/jchegenye/legibra/var/www/laravel-projects/monitor/vendor/mongodb/mongodb/src/Collection.php(624): MongoDB\\Operation\\Find->execute(Object(MongoDB\\Driver\\Server))
#2 [internal function]: MongoDB\\Collection->find(Array, Array)
#3 /media/jchegenye/legibra/var/www/laravel-projects/monitor/vendor/jenssegers/mongodb/src/Jenssegers/Mongodb/Collection.php(45): call_user_func_array(Array, Array)
#4 /media/jchegenye/legibra/var/www/laravel-projects/monitor/vendor/jenssegers/mongodb/src/Jenssegers/Mongodb/Query/Builder.php(394): Jenssegers\\Mongodb\\Collection->__call('find', Array)
#5 /media/jchegenye/legibra/var/www/laravel-projects/monitor/vendor/jenssegers/mongodb/src/Jenssegers/Mongodb/Query/Builder.php(211): Jenssegers\\Mongodb\\Query\\Builder->getFresh(Array)
#6 /media/jchegenye/legibra/var/www/laravel-projects/monitor/vendor/laravel/framework/src/Illuminate/Database/Eloquent/Builder.php(519): Jenssegers\\Mongodb\\Query\\Builder->get(Array)
#7 /media/jchegenye/legibra/var/www/laravel-projects/monitor/vendor/laravel/framework/src/Illuminate/Database/Eloquent/Builder.php(503): Illuminate\\Database\\Eloquent\\Builder->getModels(Array)
#8 /media/jchegenye/legibra/var/www/laravel-projects/monitor/vendor/laravel/framework/src/Illuminate/Database/Concerns/BuildsQueries.php(77): Illuminate\\Database\\Eloquent\\Builder->get(Array)
#9 /media/jchegenye/legibra/var/www/laravel-projects/monitor/vendor/laravel/framework/src/Illuminate/Database/Eloquent/Builder.php(399): Illuminate\\Database\\Eloquent\\Builder->first()
#10 /media/jchegenye/legibra/var/www/laravel-projects/monitor/vendor/laravel/framework/src/Illuminate/Database/Eloquent/Builder.php(433): Illuminate\\Database\\Eloquent\\Builder->firstOrNew(Array)
#11 /media/jchegenye/legibra/var/www/laravel-projects/monitor/vendor/laravel/framework/src/Illuminate/Support/Traits/ForwardsCalls.php(23): Illuminate\\Database\\Eloquent\\Builder->updateOrCreate(Array, Array)
#12 /media/jchegenye/legibra/var/www/laravel-projects/monitor/vendor/laravel/framework/src/Illuminate/Database/Eloquent/Model.php(1616): Illuminate\\Database\\Eloquent\\Model->forwardCallTo(Object(Jenssegers\\Mongodb\\Eloquent\\Builder), 'updateOrCreate', Array)
#13 /media/jchegenye/legibra/var/www/laravel-projects/monitor/vendor/jenssegers/mongodb/src/Jenssegers/Mongodb/Eloquent/Model.php(488): Illuminate\\Database\\Eloquent\\Model->__call('updateOrCreate', Array)
#14 /media/jchegenye/legibra/var/www/laravel-projects/monitor/vendor/laravel/framework/src/Illuminate/Database/Eloquent/Model.php(1628): Jenssegers\\Mongodb\\Eloquent\\Model->__call('updateOrCreate', Array)
#15 /media/jchegenye/legibra/var/www/laravel-projects/monitor/app/Console/Commands/InitializeMonitoringWebsites.php(54): Illuminate\\Database\\Eloquent\\Model::__callStatic('updateOrCreate', Array)
#16 [internal function]: Monitor\\Console\\Commands\\InitializeMonitoringWebsites->handle()
#17 /media/jchegenye/legibra/var/www/laravel-projects/monitor/vendor/laravel/framework/src/Illuminate/Container/BoundMethod.php(32): call_user_func_array(Array, Array)
#18 /media/jchegenye/legibra/var/www/laravel-projects/monitor/vendor/laravel/framework/src/Illuminate/Container/BoundMethod.php(90): Illuminate\\Container\\BoundMethod::Illuminate\\Container\\{closure}()
#19 /media/jchegenye/legibra/var/www/laravel-projects/monitor/vendor/laravel/framework/src/Illuminate/Container/BoundMethod.php(34): Illuminate\\Container\\BoundMethod::callBoundMethod(Object(Illuminate\\Foundation\\Application), Array, Object(Closure))
#20 /media/jchegenye/legibra/var/www/laravel-projects/monitor/vendor/laravel/framework/src/Illuminate/Container/Container.php(580): Illuminate\\Container\\BoundMethod::call(Object(Illuminate\\Foundation\\Application), Array, Array, NULL)
#21 /media/jchegenye/legibra/var/www/laravel-projects/monitor/vendor/laravel/framework/src/Illuminate/Console/Command.php(183): Illuminate\\Container\\Container->call(Array)
#22 /media/jchegenye/legibra/var/www/laravel-projects/monitor/vendor/symfony/console/Command/Command.php(255): Illuminate\\Console\\Command->execute(Object(Symfony\\Component\\Console\\Input\\ArgvInput), Object(Illuminate\\Console\\OutputStyle))
#23 /media/jchegenye/legibra/var/www/laravel-projects/monitor/vendor/laravel/framework/src/Illuminate/Console/Command.php(170): Symfony\\Component\\Console\\Command\\Command->run(Object(Symfony\\Component\\Console\\Input\\ArgvInput), Object(Illuminate\\Console\\OutputStyle))
#24 /media/jchegenye/legibra/var/www/laravel-projects/monitor/vendor/symfony/console/Application.php(908): Illuminate\\Console\\Command->run(Object(Symfony\\Component\\Console\\Input\\ArgvInput), Object(Symfony\\Component\\Console\\Output\\ConsoleOutput))
#25 /media/jchegenye/legibra/var/www/laravel-projects/monitor/vendor/symfony/console/Application.php(269): Symfony\\Component\\Console\\Application->doRunCommand(Object(Monitor\\Console\\Commands\\InitializeMonitoringWebsites), Object(Symfony\\Component\\Console\\Input\\ArgvInput), Object(Symfony\\Component\\Console\\Output\\ConsoleOutput))
#26 /media/jchegenye/legibra/var/www/laravel-projects/monitor/vendor/symfony/console/Application.php(145): Symfony\\Component\\Console\\Application->doRun(Object(Symfony\\Component\\Console\\Input\\ArgvInput), Object(Symfony\\Component\\Console\\Output\\ConsoleOutput))
#27 /media/jchegenye/legibra/var/www/laravel-projects/monitor/vendor/laravel/framework/src/Illuminate/Console/Application.php(90): Symfony\\Component\\Console\\Application->run(Object(Symfony\\Component\\Console\\Input\\ArgvInput), Object(Symfony\\Component\\Console\\Output\\ConsoleOutput))
#28 /media/jchegenye/legibra/var/www/laravel-projects/monitor/vendor/laravel/framework/src/Illuminate/Foundation/Console/Kernel.php(122): Illuminate\\Console\\Application->run(Object(Symfony\\Component\\Console\\Input\\ArgvInput), Object(Symfony\\Component\\Console\\Output\\ConsoleOutput))
#29 /media/jchegenye/legibra/var/www/laravel-projects/monitor/artisan(37): Illuminate\\Foundation\\Console\\Kernel->handle(Object(Symfony\\Component\\Console\\Input\\ArgvInput), Object(Symfony\\Component\\Console\\Output\\ConsoleOutput))
#30 {main}
"} 
[2019-05-08 10:09:37] local.ERROR: $or/$and/$nor entries need to be full objects {"exception":"[object] (MongoDB\\Driver\\Exception\\ServerException(code: 2): $or/$and/$nor entries need to be full objects at /media/jchegenye/legibra/var/www/laravel-projects/monitor/vendor/mongodb/mongodb/src/Operation/Find.php:299)
[stacktrace]
#0 /media/jchegenye/legibra/var/www/laravel-projects/monitor/vendor/mongodb/mongodb/src/Operation/Find.php(299): MongoDB\\Driver\\Server->executeQuery('monitor.uptime', Object(MongoDB\\Driver\\Query), Array)
#1 /media/jchegenye/legibra/var/www/laravel-projects/monitor/vendor/mongodb/mongodb/src/Collection.php(624): MongoDB\\Operation\\Find->execute(Object(MongoDB\\Driver\\Server))
#2 [internal function]: MongoDB\\Collection->find(Array, Array)
#3 /media/jchegenye/legibra/var/www/laravel-projects/monitor/vendor/jenssegers/mongodb/src/Jenssegers/Mongodb/Collection.php(45): call_user_func_array(Array, Array)
#4 /media/jchegenye/legibra/var/www/laravel-projects/monitor/vendor/jenssegers/mongodb/src/Jenssegers/Mongodb/Query/Builder.php(394): Jenssegers\\Mongodb\\Collection->__call('find', Array)
#5 /media/jchegenye/legibra/var/www/laravel-projects/monitor/vendor/jenssegers/mongodb/src/Jenssegers/Mongodb/Query/Builder.php(211): Jenssegers\\Mongodb\\Query\\Builder->getFresh(Array)
#6 /media/jchegenye/legibra/var/www/laravel-projects/monitor/vendor/laravel/framework/src/Illuminate/Database/Eloquent/Builder.php(519): Jenssegers\\Mongodb\\Query\\Builder->get(Array)
#7 /media/jchegenye/legibra/var/www/laravel-projects/monitor/vendor/laravel/framework/src/Illuminate/Database/Eloquent/Builder.php(503): Illuminate\\Database\\Eloquent\\Builder->getModels(Array)
#8 /media/jchegenye/legibra/var/www/laravel-projects/monitor/vendor/laravel/framework/src/Illuminate/Database/Concerns/BuildsQueries.php(77): Illuminate\\Database\\Eloquent\\Builder->get(Array)
#9 /media/jchegenye/legibra/var/www/laravel-projects/monitor/vendor/laravel/framework/src/Illuminate/Database/Eloquent/Builder.php(399): Illuminate\\Database\\Eloquent\\Builder->first()
#10 /media/jchegenye/legibra/var/www/laravel-projects/monitor/vendor/laravel/framework/src/Illuminate/Database/Eloquent/Builder.php(433): Illuminate\\Database\\Eloquent\\Builder->firstOrNew(Array)
#11 /media/jchegenye/legibra/var/www/laravel-projects/monitor/vendor/laravel/framework/src/Illuminate/Support/Traits/ForwardsCalls.php(23): Illuminate\\Database\\Eloquent\\Builder->updateOrCreate(Array, Array)
#12 /media/jchegenye/legibra/var/www/laravel-projects/monitor/vendor/laravel/framework/src/Illuminate/Database/Eloquent/Model.php(1616): Illuminate\\Database\\Eloquent\\Model->forwardCallTo(Object(Jenssegers\\Mongodb\\Eloquent\\Builder), 'updateOrCreate', Array)
#13 /media/jchegenye/legibra/var/www/laravel-projects/monitor/vendor/jenssegers/mongodb/src/Jenssegers/Mongodb/Eloquent/Model.php(488): Illuminate\\Database\\Eloquent\\Model->__call('updateOrCreate', Array)
#14 /media/jchegenye/legibra/var/www/laravel-projects/monitor/vendor/laravel/framework/src/Illuminate/Database/Eloquent/Model.php(1628): Jenssegers\\Mongodb\\Eloquent\\Model->__call('updateOrCreate', Array)
#15 /media/jchegenye/legibra/var/www/laravel-projects/monitor/app/Console/Commands/InitializeMonitoringWebsites.php(54): Illuminate\\Database\\Eloquent\\Model::__callStatic('updateOrCreate', Array)
#16 [internal function]: Monitor\\Console\\Commands\\InitializeMonitoringWebsites->handle()
#17 /media/jchegenye/legibra/var/www/laravel-projects/monitor/vendor/laravel/framework/src/Illuminate/Container/BoundMethod.php(32): call_user_func_array(Array, Array)
#18 /media/jchegenye/legibra/var/www/laravel-projects/monitor/vendor/laravel/framework/src/Illuminate/Container/BoundMethod.php(90): Illuminate\\Container\\BoundMethod::Illuminate\\Container\\{closure}()
#19 /media/jchegenye/legibra/var/www/laravel-projects/monitor/vendor/laravel/framework/src/Illuminate/Container/BoundMethod.php(34): Illuminate\\Container\\BoundMethod::callBoundMethod(Object(Illuminate\\Foundation\\Application), Array, Object(Closure))
#20 /media/jchegenye/legibra/var/www/laravel-projects/monitor/vendor/laravel/framework/src/Illuminate/Container/Container.php(580): Illuminate\\Container\\BoundMethod::call(Object(Illuminate\\Foundation\\Application), Array, Array, NULL)
#21 /media/jchegenye/legibra/var/www/laravel-projects/monitor/vendor/laravel/framework/src/Illuminate/Console/Command.php(183): Illuminate\\Container\\Container->call(Array)
#22 /media/jchegenye/legibra/var/www/laravel-projects/monitor/vendor/symfony/console/Command/Command.php(255): Illuminate\\Console\\Command->execute(Object(Symfony\\Component\\Console\\Input\\ArgvInput), Object(Illuminate\\Console\\OutputStyle))
#23 /media/jchegenye/legibra/var/www/laravel-projects/monitor/vendor/laravel/framework/src/Illuminate/Console/Command.php(170): Symfony\\Component\\Console\\Command\\Command->run(Object(Symfony\\Component\\Console\\Input\\ArgvInput), Object(Illuminate\\Console\\OutputStyle))
#24 /media/jchegenye/legibra/var/www/laravel-projects/monitor/vendor/symfony/console/Application.php(908): Illuminate\\Console\\Command->run(Object(Symfony\\Component\\Console\\Input\\ArgvInput), Object(Symfony\\Component\\Console\\Output\\ConsoleOutput))
#25 /media/jchegenye/legibra/var/www/laravel-projects/monitor/vendor/symfony/console/Application.php(269): Symfony\\Component\\Console\\Application->doRunCommand(Object(Monitor\\Console\\Commands\\InitializeMonitoringWebsites), Object(Symfony\\Component\\Console\\Input\\ArgvInput), Object(Symfony\\Component\\Console\\Output\\ConsoleOutput))
#26 /media/jchegenye/legibra/var/www/laravel-projects/monitor/vendor/symfony/console/Application.php(145): Symfony\\Component\\Console\\Application->doRun(Object(Symfony\\Component\\Console\\Input\\ArgvInput), Object(Symfony\\Component\\Console\\Output\\ConsoleOutput))
#27 /media/jchegenye/legibra/var/www/laravel-projects/monitor/vendor/laravel/framework/src/Illuminate/Console/Application.php(90): Symfony\\Component\\Console\\Application->run(Object(Symfony\\Component\\Console\\Input\\ArgvInput), Object(Symfony\\Component\\Console\\Output\\ConsoleOutput))
#28 /media/jchegenye/legibra/var/www/laravel-projects/monitor/vendor/laravel/framework/src/Illuminate/Foundation/Console/Kernel.php(122): Illuminate\\Console\\Application->run(Object(Symfony\\Component\\Console\\Input\\ArgvInput), Object(Symfony\\Component\\Console\\Output\\ConsoleOutput))
#29 /media/jchegenye/legibra/var/www/laravel-projects/monitor/artisan(37): Illuminate\\Foundation\\Console\\Kernel->handle(Object(Symfony\\Component\\Console\\Input\\ArgvInput), Object(Symfony\\Component\\Console\\Output\\ConsoleOutput))
#30 {main}
"} 
[2019-05-08 10:12:38] local.ERROR: Class 'Monitor\Console\Commands\User' not found {"exception":"[object] (Symfony\\Component\\Debug\\Exception\\FatalThrowableError(code: 0): Class 'Monitor\\Console\\Commands\\User' not found at /media/jchegenye/legibra/var/www/laravel-projects/monitor/app/Console/Commands/InitializeMonitoringWebsites.php:53)
[stacktrace]
#0 [internal function]: Monitor\\Console\\Commands\\InitializeMonitoringWebsites->handle()
#1 /media/jchegenye/legibra/var/www/laravel-projects/monitor/vendor/laravel/framework/src/Illuminate/Container/BoundMethod.php(32): call_user_func_array(Array, Array)
#2 /media/jchegenye/legibra/var/www/laravel-projects/monitor/vendor/laravel/framework/src/Illuminate/Container/BoundMethod.php(90): Illuminate\\Container\\BoundMethod::Illuminate\\Container\\{closure}()
#3 /media/jchegenye/legibra/var/www/laravel-projects/monitor/vendor/laravel/framework/src/Illuminate/Container/BoundMethod.php(34): Illuminate\\Container\\BoundMethod::callBoundMethod(Object(Illuminate\\Foundation\\Application), Array, Object(Closure))
#4 /media/jchegenye/legibra/var/www/laravel-projects/monitor/vendor/laravel/framework/src/Illuminate/Container/Container.php(580): Illuminate\\Container\\BoundMethod::call(Object(Illuminate\\Foundation\\Application), Array, Array, NULL)
#5 /media/jchegenye/legibra/var/www/laravel-projects/monitor/vendor/laravel/framework/src/Illuminate/Console/Command.php(183): Illuminate\\Container\\Container->call(Array)
#6 /media/jchegenye/legibra/var/www/laravel-projects/monitor/vendor/symfony/console/Command/Command.php(255): Illuminate\\Console\\Command->execute(Object(Symfony\\Component\\Console\\Input\\ArgvInput), Object(Illuminate\\Console\\OutputStyle))
#7 /media/jchegenye/legibra/var/www/laravel-projects/monitor/vendor/laravel/framework/src/Illuminate/Console/Command.php(170): Symfony\\Component\\Console\\Command\\Command->run(Object(Symfony\\Component\\Console\\Input\\ArgvInput), Object(Illuminate\\Console\\OutputStyle))
#8 /media/jchegenye/legibra/var/www/laravel-projects/monitor/vendor/symfony/console/Application.php(908): Illuminate\\Console\\Command->run(Object(Symfony\\Component\\Console\\Input\\ArgvInput), Object(Symfony\\Component\\Console\\Output\\ConsoleOutput))
#9 /media/jchegenye/legibra/var/www/laravel-projects/monitor/vendor/symfony/console/Application.php(269): Symfony\\Component\\Console\\Application->doRunCommand(Object(Monitor\\Console\\Commands\\InitializeMonitoringWebsites), Object(Symfony\\Component\\Console\\Input\\ArgvInput), Object(Symfony\\Component\\Console\\Output\\ConsoleOutput))
#10 /media/jchegenye/legibra/var/www/laravel-projects/monitor/vendor/symfony/console/Application.php(145): Symfony\\Component\\Console\\Application->doRun(Object(Symfony\\Component\\Console\\Input\\ArgvInput), Object(Symfony\\Component\\Console\\Output\\ConsoleOutput))
#11 /media/jchegenye/legibra/var/www/laravel-projects/monitor/vendor/laravel/framework/src/Illuminate/Console/Application.php(90): Symfony\\Component\\Console\\Application->run(Object(Symfony\\Component\\Console\\Input\\ArgvInput), Object(Symfony\\Component\\Console\\Output\\ConsoleOutput))
#12 /media/jchegenye/legibra/var/www/laravel-projects/monitor/vendor/laravel/framework/src/Illuminate/Foundation/Console/Kernel.php(122): Illuminate\\Console\\Application->run(Object(Symfony\\Component\\Console\\Input\\ArgvInput), Object(Symfony\\Component\\Console\\Output\\ConsoleOutput))
#13 /media/jchegenye/legibra/var/www/laravel-projects/monitor/artisan(37): Illuminate\\Foundation\\Console\\Kernel->handle(Object(Symfony\\Component\\Console\\Input\\ArgvInput), Object(Symfony\\Component\\Console\\Output\\ConsoleOutput))
#14 {main}
"} 
[2019-05-08 10:12:52] local.ERROR: Call to a member function update() on null {"exception":"[object] (Symfony\\Component\\Debug\\Exception\\FatalThrowableError(code: 0): Call to a member function update() on null at /media/jchegenye/legibra/var/www/laravel-projects/monitor/app/Console/Commands/InitializeMonitoringWebsites.php:62)
[stacktrace]
#0 [internal function]: Monitor\\Console\\Commands\\InitializeMonitoringWebsites->handle()
#1 /media/jchegenye/legibra/var/www/laravel-projects/monitor/vendor/laravel/framework/src/Illuminate/Container/BoundMethod.php(32): call_user_func_array(Array, Array)
#2 /media/jchegenye/legibra/var/www/laravel-projects/monitor/vendor/laravel/framework/src/Illuminate/Container/BoundMethod.php(90): Illuminate\\Container\\BoundMethod::Illuminate\\Container\\{closure}()
#3 /media/jchegenye/legibra/var/www/laravel-projects/monitor/vendor/laravel/framework/src/Illuminate/Container/BoundMethod.php(34): Illuminate\\Container\\BoundMethod::callBoundMethod(Object(Illuminate\\Foundation\\Application), Array, Object(Closure))
#4 /media/jchegenye/legibra/var/www/laravel-projects/monitor/vendor/laravel/framework/src/Illuminate/Container/Container.php(580): Illuminate\\Container\\BoundMethod::call(Object(Illuminate\\Foundation\\Application), Array, Array, NULL)
#5 /media/jchegenye/legibra/var/www/laravel-projects/monitor/vendor/laravel/framework/src/Illuminate/Console/Command.php(183): Illuminate\\Container\\Container->call(Array)
#6 /media/jchegenye/legibra/var/www/laravel-projects/monitor/vendor/symfony/console/Command/Command.php(255): Illuminate\\Console\\Command->execute(Object(Symfony\\Component\\Console\\Input\\ArgvInput), Object(Illuminate\\Console\\OutputStyle))
#7 /media/jchegenye/legibra/var/www/laravel-projects/monitor/vendor/laravel/framework/src/Illuminate/Console/Command.php(170): Symfony\\Component\\Console\\Command\\Command->run(Object(Symfony\\Component\\Console\\Input\\ArgvInput), Object(Illuminate\\Console\\OutputStyle))
#8 /media/jchegenye/legibra/var/www/laravel-projects/monitor/vendor/symfony/console/Application.php(908): Illuminate\\Console\\Command->run(Object(Symfony\\Component\\Console\\Input\\ArgvInput), Object(Symfony\\Component\\Console\\Output\\ConsoleOutput))
#9 /media/jchegenye/legibra/var/www/laravel-projects/monitor/vendor/symfony/console/Application.php(269): Symfony\\Component\\Console\\Application->doRunCommand(Object(Monitor\\Console\\Commands\\InitializeMonitoringWebsites), Object(Symfony\\Component\\Console\\Input\\ArgvInput), Object(Symfony\\Component\\Console\\Output\\ConsoleOutput))
#10 /media/jchegenye/legibra/var/www/laravel-projects/monitor/vendor/symfony/console/Application.php(145): Symfony\\Component\\Console\\Application->doRun(Object(Symfony\\Component\\Console\\Input\\ArgvInput), Object(Symfony\\Component\\Console\\Output\\ConsoleOutput))
#11 /media/jchegenye/legibra/var/www/laravel-projects/monitor/vendor/laravel/framework/src/Illuminate/Console/Application.php(90): Symfony\\Component\\Console\\Application->run(Object(Symfony\\Component\\Console\\Input\\ArgvInput), Object(Symfony\\Component\\Console\\Output\\ConsoleOutput))
#12 /media/jchegenye/legibra/var/www/laravel-projects/monitor/vendor/laravel/framework/src/Illuminate/Foundation/Console/Kernel.php(122): Illuminate\\Console\\Application->run(Object(Symfony\\Component\\Console\\Input\\ArgvInput), Object(Symfony\\Component\\Console\\Output\\ConsoleOutput))
#13 /media/jchegenye/legibra/var/www/laravel-projects/monitor/artisan(37): Illuminate\\Foundation\\Console\\Kernel->handle(Object(Symfony\\Component\\Console\\Input\\ArgvInput), Object(Symfony\\Component\\Console\\Output\\ConsoleOutput))
#14 {main}
"} 
[2019-05-08 10:33:50] local.ERROR: Argument 1 passed to Monitor\ReusableCodes\Uptime\UptimeChecker::check() must be of the type string, null given, called in /media/jchegenye/legibra/var/www/laravel-projects/monitor/app/ReusableCodes/Uptime/UptimeChecker.php on line 279 {"exception":"[object] (Symfony\\Component\\Debug\\Exception\\FatalThrowableError(code: 0): Argument 1 passed to Monitor\\ReusableCodes\\Uptime\\UptimeChecker::check() must be of the type string, null given, called in /media/jchegenye/legibra/var/www/laravel-projects/monitor/app/ReusableCodes/Uptime/UptimeChecker.php on line 279 at /media/jchegenye/legibra/var/www/laravel-projects/monitor/app/ReusableCodes/Uptime/UptimeChecker.php:144)
[stacktrace]
#0 /media/jchegenye/legibra/var/www/laravel-projects/monitor/app/ReusableCodes/Uptime/UptimeChecker.php(279): Monitor\\ReusableCodes\\Uptime\\UptimeChecker->check(NULL)
#1 /media/jchegenye/legibra/var/www/laravel-projects/monitor/app/Console/Commands/InitializeMonitoringWebsites.php(52): Monitor\\ReusableCodes\\Uptime\\UptimeChecker->results()
#2 [internal function]: Monitor\\Console\\Commands\\InitializeMonitoringWebsites->handle()
#3 /media/jchegenye/legibra/var/www/laravel-projects/monitor/vendor/laravel/framework/src/Illuminate/Container/BoundMethod.php(32): call_user_func_array(Array, Array)
#4 /media/jchegenye/legibra/var/www/laravel-projects/monitor/vendor/laravel/framework/src/Illuminate/Container/BoundMethod.php(90): Illuminate\\Container\\BoundMethod::Illuminate\\Container\\{closure}()
#5 /media/jchegenye/legibra/var/www/laravel-projects/monitor/vendor/laravel/framework/src/Illuminate/Container/BoundMethod.php(34): Illuminate\\Container\\BoundMethod::callBoundMethod(Object(Illuminate\\Foundation\\Application), Array, Object(Closure))
#6 /media/jchegenye/legibra/var/www/laravel-projects/monitor/vendor/laravel/framework/src/Illuminate/Container/Container.php(580): Illuminate\\Container\\BoundMethod::call(Object(Illuminate\\Foundation\\Application), Array, Array, NULL)
#7 /media/jchegenye/legibra/var/www/laravel-projects/monitor/vendor/laravel/framework/src/Illuminate/Console/Command.php(183): Illuminate\\Container\\Container->call(Array)
#8 /media/jchegenye/legibra/var/www/laravel-projects/monitor/vendor/symfony/console/Command/Command.php(255): Illuminate\\Console\\Command->execute(Object(Symfony\\Component\\Console\\Input\\ArgvInput), Object(Illuminate\\Console\\OutputStyle))
#9 /media/jchegenye/legibra/var/www/laravel-projects/monitor/vendor/laravel/framework/src/Illuminate/Console/Command.php(170): Symfony\\Component\\Console\\Command\\Command->run(Object(Symfony\\Component\\Console\\Input\\ArgvInput), Object(Illuminate\\Console\\OutputStyle))
#10 /media/jchegenye/legibra/var/www/laravel-projects/monitor/vendor/symfony/console/Application.php(908): Illuminate\\Console\\Command->run(Object(Symfony\\Component\\Console\\Input\\ArgvInput), Object(Symfony\\Component\\Console\\Output\\ConsoleOutput))
#11 /media/jchegenye/legibra/var/www/laravel-projects/monitor/vendor/symfony/console/Application.php(269): Symfony\\Component\\Console\\Application->doRunCommand(Object(Monitor\\Console\\Commands\\InitializeMonitoringWebsites), Object(Symfony\\Component\\Console\\Input\\ArgvInput), Object(Symfony\\Component\\Console\\Output\\ConsoleOutput))
#12 /media/jchegenye/legibra/var/www/laravel-projects/monitor/vendor/symfony/console/Application.php(145): Symfony\\Component\\Console\\Application->doRun(Object(Symfony\\Component\\Console\\Input\\ArgvInput), Object(Symfony\\Component\\Console\\Output\\ConsoleOutput))
#13 /media/jchegenye/legibra/var/www/laravel-projects/monitor/vendor/laravel/framework/src/Illuminate/Console/Application.php(90): Symfony\\Component\\Console\\Application->run(Object(Symfony\\Component\\Console\\Input\\ArgvInput), Object(Symfony\\Component\\Console\\Output\\ConsoleOutput))
#14 /media/jchegenye/legibra/var/www/laravel-projects/monitor/vendor/laravel/framework/src/Illuminate/Foundation/Console/Kernel.php(122): Illuminate\\Console\\Application->run(Object(Symfony\\Component\\Console\\Input\\ArgvInput), Object(Symfony\\Component\\Console\\Output\\ConsoleOutput))
#15 /media/jchegenye/legibra/var/www/laravel-projects/monitor/artisan(37): Illuminate\\Foundation\\Console\\Kernel->handle(Object(Symfony\\Component\\Console\\Input\\ArgvInput), Object(Symfony\\Component\\Console\\Output\\ConsoleOutput))
#16 {main}
"} 
[2019-05-08 23:46:17] local.ERROR: Undefined index: domain_id2 {"exception":"[object] (ErrorException(code: 0): Undefined index: domain_id2 at /media/jchegenye/legibra/var/www/laravel-projects/monitor/app/Console/Commands/InitializeMonitoringWebsites.php:51)
[stacktrace]
#0 /media/jchegenye/legibra/var/www/laravel-projects/monitor/app/Console/Commands/InitializeMonitoringWebsites.php(51): Illuminate\\Foundation\\Bootstrap\\HandleExceptions->handleError(8, 'Undefined index...', '/media/jchegeny...', 51, Array)
#1 [internal function]: Monitor\\Console\\Commands\\InitializeMonitoringWebsites->handle()
#2 /media/jchegenye/legibra/var/www/laravel-projects/monitor/vendor/laravel/framework/src/Illuminate/Container/BoundMethod.php(32): call_user_func_array(Array, Array)
#3 /media/jchegenye/legibra/var/www/laravel-projects/monitor/vendor/laravel/framework/src/Illuminate/Container/BoundMethod.php(90): Illuminate\\Container\\BoundMethod::Illuminate\\Container\\{closure}()
#4 /media/jchegenye/legibra/var/www/laravel-projects/monitor/vendor/laravel/framework/src/Illuminate/Container/BoundMethod.php(34): Illuminate\\Container\\BoundMethod::callBoundMethod(Object(Illuminate\\Foundation\\Application), Array, Object(Closure))
#5 /media/jchegenye/legibra/var/www/laravel-projects/monitor/vendor/laravel/framework/src/Illuminate/Container/Container.php(580): Illuminate\\Container\\BoundMethod::call(Object(Illuminate\\Foundation\\Application), Array, Array, NULL)
#6 /media/jchegenye/legibra/var/www/laravel-projects/monitor/vendor/laravel/framework/src/Illuminate/Console/Command.php(183): Illuminate\\Container\\Container->call(Array)
#7 /media/jchegenye/legibra/var/www/laravel-projects/monitor/vendor/symfony/console/Command/Command.php(255): Illuminate\\Console\\Command->execute(Object(Symfony\\Component\\Console\\Input\\ArgvInput), Object(Illuminate\\Console\\OutputStyle))
#8 /media/jchegenye/legibra/var/www/laravel-projects/monitor/vendor/laravel/framework/src/Illuminate/Console/Command.php(170): Symfony\\Component\\Console\\Command\\Command->run(Object(Symfony\\Component\\Console\\Input\\ArgvInput), Object(Illuminate\\Console\\OutputStyle))
#9 /media/jchegenye/legibra/var/www/laravel-projects/monitor/vendor/symfony/console/Application.php(908): Illuminate\\Console\\Command->run(Object(Symfony\\Component\\Console\\Input\\ArgvInput), Object(Symfony\\Component\\Console\\Output\\ConsoleOutput))
#10 /media/jchegenye/legibra/var/www/laravel-projects/monitor/vendor/symfony/console/Application.php(269): Symfony\\Component\\Console\\Application->doRunCommand(Object(Monitor\\Console\\Commands\\InitializeMonitoringWebsites), Object(Symfony\\Component\\Console\\Input\\ArgvInput), Object(Symfony\\Component\\Console\\Output\\ConsoleOutput))
#11 /media/jchegenye/legibra/var/www/laravel-projects/monitor/vendor/symfony/console/Application.php(145): Symfony\\Component\\Console\\Application->doRun(Object(Symfony\\Component\\Console\\Input\\ArgvInput), Object(Symfony\\Component\\Console\\Output\\ConsoleOutput))
#12 /media/jchegenye/legibra/var/www/laravel-projects/monitor/vendor/laravel/framework/src/Illuminate/Console/Application.php(90): Symfony\\Component\\Console\\Application->run(Object(Symfony\\Component\\Console\\Input\\ArgvInput), Object(Symfony\\Component\\Console\\Output\\ConsoleOutput))
#13 /media/jchegenye/legibra/var/www/laravel-projects/monitor/vendor/laravel/framework/src/Illuminate/Foundation/Console/Kernel.php(122): Illuminate\\Console\\Application->run(Object(Symfony\\Component\\Console\\Input\\ArgvInput), Object(Symfony\\Component\\Console\\Output\\ConsoleOutput))
#14 /media/jchegenye/legibra/var/www/laravel-projects/monitor/artisan(37): Illuminate\\Foundation\\Console\\Kernel->handle(Object(Symfony\\Component\\Console\\Input\\ArgvInput), Object(Symfony\\Component\\Console\\Output\\ConsoleOutput))
#15 {main}
"} 
[2019-05-08 23:52:44] local.ERROR: Too few arguments to function Illuminate\Database\Eloquent\Builder::where(), 0 passed in /media/jchegenye/legibra/var/www/laravel-projects/monitor/app/Console/Commands/InitializeMonitoringWebsites.php on line 52 and at least 1 expected {"exception":"[object] (Symfony\\Component\\Debug\\Exception\\FatalThrowableError(code: 0): Too few arguments to function Illuminate\\Database\\Eloquent\\Builder::where(), 0 passed in /media/jchegenye/legibra/var/www/laravel-projects/monitor/app/Console/Commands/InitializeMonitoringWebsites.php on line 52 and at least 1 expected at /media/jchegenye/legibra/var/www/laravel-projects/monitor/vendor/laravel/framework/src/Illuminate/Database/Eloquent/Builder.php:223)
[stacktrace]
#0 /media/jchegenye/legibra/var/www/laravel-projects/monitor/app/Console/Commands/InitializeMonitoringWebsites.php(52): Illuminate\\Database\\Eloquent\\Builder->where()
#1 [internal function]: Monitor\\Console\\Commands\\InitializeMonitoringWebsites->handle()
#2 /media/jchegenye/legibra/var/www/laravel-projects/monitor/vendor/laravel/framework/src/Illuminate/Container/BoundMethod.php(32): call_user_func_array(Array, Array)
#3 /media/jchegenye/legibra/var/www/laravel-projects/monitor/vendor/laravel/framework/src/Illuminate/Container/BoundMethod.php(90): Illuminate\\Container\\BoundMethod::Illuminate\\Container\\{closure}()
#4 /media/jchegenye/legibra/var/www/laravel-projects/monitor/vendor/laravel/framework/src/Illuminate/Container/BoundMethod.php(34): Illuminate\\Container\\BoundMethod::callBoundMethod(Object(Illuminate\\Foundation\\Application), Array, Object(Closure))
#5 /media/jchegenye/legibra/var/www/laravel-projects/monitor/vendor/laravel/framework/src/Illuminate/Container/Container.php(580): Illuminate\\Container\\BoundMethod::call(Object(Illuminate\\Foundation\\Application), Array, Array, NULL)
#6 /media/jchegenye/legibra/var/www/laravel-projects/monitor/vendor/laravel/framework/src/Illuminate/Console/Command.php(183): Illuminate\\Container\\Container->call(Array)
#7 /media/jchegenye/legibra/var/www/laravel-projects/monitor/vendor/symfony/console/Command/Command.php(255): Illuminate\\Console\\Command->execute(Object(Symfony\\Component\\Console\\Input\\ArgvInput), Object(Illuminate\\Console\\OutputStyle))
#8 /media/jchegenye/legibra/var/www/laravel-projects/monitor/vendor/laravel/framework/src/Illuminate/Console/Command.php(170): Symfony\\Component\\Console\\Command\\Command->run(Object(Symfony\\Component\\Console\\Input\\ArgvInput), Object(Illuminate\\Console\\OutputStyle))
#9 /media/jchegenye/legibra/var/www/laravel-projects/monitor/vendor/symfony/console/Application.php(908): Illuminate\\Console\\Command->run(Object(Symfony\\Component\\Console\\Input\\ArgvInput), Object(Symfony\\Component\\Console\\Output\\ConsoleOutput))
#10 /media/jchegenye/legibra/var/www/laravel-projects/monitor/vendor/symfony/console/Application.php(269): Symfony\\Component\\Console\\Application->doRunCommand(Object(Monitor\\Console\\Commands\\InitializeMonitoringWebsites), Object(Symfony\\Component\\Console\\Input\\ArgvInput), Object(Symfony\\Component\\Console\\Output\\ConsoleOutput))
#11 /media/jchegenye/legibra/var/www/laravel-projects/monitor/vendor/symfony/console/Application.php(145): Symfony\\Component\\Console\\Application->doRun(Object(Symfony\\Component\\Console\\Input\\ArgvInput), Object(Symfony\\Component\\Console\\Output\\ConsoleOutput))
#12 /media/jchegenye/legibra/var/www/laravel-projects/monitor/vendor/laravel/framework/src/Illuminate/Console/Application.php(90): Symfony\\Component\\Console\\Application->run(Object(Symfony\\Component\\Console\\Input\\ArgvInput), Object(Symfony\\Component\\Console\\Output\\ConsoleOutput))
#13 /media/jchegenye/legibra/var/www/laravel-projects/monitor/vendor/laravel/framework/src/Illuminate/Foundation/Console/Kernel.php(122): Illuminate\\Console\\Application->run(Object(Symfony\\Component\\Console\\Input\\ArgvInput), Object(Symfony\\Component\\Console\\Output\\ConsoleOutput))
#14 /media/jchegenye/legibra/var/www/laravel-projects/monitor/artisan(37): Illuminate\\Foundation\\Console\\Kernel->handle(Object(Symfony\\Component\\Console\\Input\\ArgvInput), Object(Symfony\\Component\\Console\\Output\\ConsoleOutput))
#15 {main}
"} 
