[2019-04-30 18:15:47] local.ERROR: Class 'Monitor\Console\Commands\Notifications' not found {"exception":"[object] (Symfony\\Component\\Debug\\Exception\\FatalThrowableError(code: 0): Class 'Monitor\\Console\\Commands\\Notifications' not found at /media/jchegenye/legibra/var/www/laravel-projects/monitor/app/Console/Commands/DownTimeWebsitesChecker.php:51)
[stacktrace]
#0 [internal function]: Monitor\\Console\\Commands\\DownTimeWebsitesChecker->handle()
#1 /media/jchegenye/legibra/var/www/laravel-projects/monitor/vendor/laravel/framework/src/Illuminate/Container/BoundMethod.php(32): call_user_func_array(Array, Array)
#2 /media/jchegenye/legibra/var/www/laravel-projects/monitor/vendor/laravel/framework/src/Illuminate/Container/BoundMethod.php(90): Illuminate\\Container\\BoundMethod::Illuminate\\Container\\{closure}()
#3 /media/jchegenye/legibra/var/www/laravel-projects/monitor/vendor/laravel/framework/src/Illuminate/Container/BoundMethod.php(34): Illuminate\\Container\\BoundMethod::callBoundMethod(Object(Illuminate\\Foundation\\Application), Array, Object(Closure))
#4 /media/jchegenye/legibra/var/www/laravel-projects/monitor/vendor/laravel/framework/src/Illuminate/Container/Container.php(580): Illuminate\\Container\\BoundMethod::call(Object(Illuminate\\Foundation\\Application), Array, Array, NULL)
#5 /media/jchegenye/legibra/var/www/laravel-projects/monitor/vendor/laravel/framework/src/Illuminate/Console/Command.php(183): Illuminate\\Container\\Container->call(Array)
#6 /media/jchegenye/legibra/var/www/laravel-projects/monitor/vendor/symfony/console/Command/Command.php(255): Illuminate\\Console\\Command->execute(Object(Symfony\\Component\\Console\\Input\\ArgvInput), Object(Illuminate\\Console\\OutputStyle))
#7 /media/jchegenye/legibra/var/www/laravel-projects/monitor/vendor/laravel/framework/src/Illuminate/Console/Command.php(170): Symfony\\Component\\Console\\Command\\Command->run(Object(Symfony\\Component\\Console\\Input\\ArgvInput), Object(Illuminate\\Console\\OutputStyle))
#8 /media/jchegenye/legibra/var/www/laravel-projects/monitor/vendor/symfony/console/Application.php(908): Illuminate\\Console\\Command->run(Object(Symfony\\Component\\Console\\Input\\ArgvInput), Object(Symfony\\Component\\Console\\Output\\ConsoleOutput))
#9 /media/jchegenye/legibra/var/www/laravel-projects/monitor/vendor/symfony/console/Application.php(269): Symfony\\Component\\Console\\Application->doRunCommand(Object(Monitor\\Console\\Commands\\DownTimeWebsitesChecker), Object(Symfony\\Component\\Console\\Input\\ArgvInput), Object(Symfony\\Component\\Console\\Output\\ConsoleOutput))
#10 /media/jchegenye/legibra/var/www/laravel-projects/monitor/vendor/symfony/console/Application.php(145): Symfony\\Component\\Console\\Application->doRun(Object(Symfony\\Component\\Console\\Input\\ArgvInput), Object(Symfony\\Component\\Console\\Output\\ConsoleOutput))
#11 /media/jchegenye/legibra/var/www/laravel-projects/monitor/vendor/laravel/framework/src/Illuminate/Console/Application.php(90): Symfony\\Component\\Console\\Application->run(Object(Symfony\\Component\\Console\\Input\\ArgvInput), Object(Symfony\\Component\\Console\\Output\\ConsoleOutput))
#12 /media/jchegenye/legibra/var/www/laravel-projects/monitor/vendor/laravel/framework/src/Illuminate/Foundation/Console/Kernel.php(122): Illuminate\\Console\\Application->run(Object(Symfony\\Component\\Console\\Input\\ArgvInput), Object(Symfony\\Component\\Console\\Output\\ConsoleOutput))
#13 /media/jchegenye/legibra/var/www/laravel-projects/monitor/artisan(37): Illuminate\\Foundation\\Console\\Kernel->handle(Object(Symfony\\Component\\Console\\Input\\ArgvInput), Object(Symfony\\Component\\Console\\Output\\ConsoleOutput))
#14 {main}
"} 
[2019-04-30 18:16:05] local.ERROR: Class 'MOnitor\Notifications' not found {"exception":"[object] (Symfony\\Component\\Debug\\Exception\\FatalThrowableError(code: 0): Class 'MOnitor\\Notifications' not found at /media/jchegenye/legibra/var/www/laravel-projects/monitor/app/Console/Commands/DownTimeWebsitesChecker.php:52)
[stacktrace]
#0 [internal function]: Monitor\\Console\\Commands\\DownTimeWebsitesChecker->handle()
#1 /media/jchegenye/legibra/var/www/laravel-projects/monitor/vendor/laravel/framework/src/Illuminate/Container/BoundMethod.php(32): call_user_func_array(Array, Array)
#2 /media/jchegenye/legibra/var/www/laravel-projects/monitor/vendor/laravel/framework/src/Illuminate/Container/BoundMethod.php(90): Illuminate\\Container\\BoundMethod::Illuminate\\Container\\{closure}()
#3 /media/jchegenye/legibra/var/www/laravel-projects/monitor/vendor/laravel/framework/src/Illuminate/Container/BoundMethod.php(34): Illuminate\\Container\\BoundMethod::callBoundMethod(Object(Illuminate\\Foundation\\Application), Array, Object(Closure))
#4 /media/jchegenye/legibra/var/www/laravel-projects/monitor/vendor/laravel/framework/src/Illuminate/Container/Container.php(580): Illuminate\\Container\\BoundMethod::call(Object(Illuminate\\Foundation\\Application), Array, Array, NULL)
#5 /media/jchegenye/legibra/var/www/laravel-projects/monitor/vendor/laravel/framework/src/Illuminate/Console/Command.php(183): Illuminate\\Container\\Container->call(Array)
#6 /media/jchegenye/legibra/var/www/laravel-projects/monitor/vendor/symfony/console/Command/Command.php(255): Illuminate\\Console\\Command->execute(Object(Symfony\\Component\\Console\\Input\\ArgvInput), Object(Illuminate\\Console\\OutputStyle))
#7 /media/jchegenye/legibra/var/www/laravel-projects/monitor/vendor/laravel/framework/src/Illuminate/Console/Command.php(170): Symfony\\Component\\Console\\Command\\Command->run(Object(Symfony\\Component\\Console\\Input\\ArgvInput), Object(Illuminate\\Console\\OutputStyle))
#8 /media/jchegenye/legibra/var/www/laravel-projects/monitor/vendor/symfony/console/Application.php(908): Illuminate\\Console\\Command->run(Object(Symfony\\Component\\Console\\Input\\ArgvInput), Object(Symfony\\Component\\Console\\Output\\ConsoleOutput))
#9 /media/jchegenye/legibra/var/www/laravel-projects/monitor/vendor/symfony/console/Application.php(269): Symfony\\Component\\Console\\Application->doRunCommand(Object(Monitor\\Console\\Commands\\DownTimeWebsitesChecker), Object(Symfony\\Component\\Console\\Input\\ArgvInput), Object(Symfony\\Component\\Console\\Output\\ConsoleOutput))
#10 /media/jchegenye/legibra/var/www/laravel-projects/monitor/vendor/symfony/console/Application.php(145): Symfony\\Component\\Console\\Application->doRun(Object(Symfony\\Component\\Console\\Input\\ArgvInput), Object(Symfony\\Component\\Console\\Output\\ConsoleOutput))
#11 /media/jchegenye/legibra/var/www/laravel-projects/monitor/vendor/laravel/framework/src/Illuminate/Console/Application.php(90): Symfony\\Component\\Console\\Application->run(Object(Symfony\\Component\\Console\\Input\\ArgvInput), Object(Symfony\\Component\\Console\\Output\\ConsoleOutput))
#12 /media/jchegenye/legibra/var/www/laravel-projects/monitor/vendor/laravel/framework/src/Illuminate/Foundation/Console/Kernel.php(122): Illuminate\\Console\\Application->run(Object(Symfony\\Component\\Console\\Input\\ArgvInput), Object(Symfony\\Component\\Console\\Output\\ConsoleOutput))
#13 /media/jchegenye/legibra/var/www/laravel-projects/monitor/artisan(37): Illuminate\\Foundation\\Console\\Kernel->handle(Object(Symfony\\Component\\Console\\Input\\ArgvInput), Object(Symfony\\Component\\Console\\Output\\ConsoleOutput))
#14 {main}
"} 
[2019-04-30 18:16:14] local.ERROR: Class 'Monitor\Notifications' not found {"exception":"[object] (Symfony\\Component\\Debug\\Exception\\FatalThrowableError(code: 0): Class 'Monitor\\Notifications' not found at /media/jchegenye/legibra/var/www/laravel-projects/monitor/app/Console/Commands/DownTimeWebsitesChecker.php:52)
[stacktrace]
#0 [internal function]: Monitor\\Console\\Commands\\DownTimeWebsitesChecker->handle()
#1 /media/jchegenye/legibra/var/www/laravel-projects/monitor/vendor/laravel/framework/src/Illuminate/Container/BoundMethod.php(32): call_user_func_array(Array, Array)
#2 /media/jchegenye/legibra/var/www/laravel-projects/monitor/vendor/laravel/framework/src/Illuminate/Container/BoundMethod.php(90): Illuminate\\Container\\BoundMethod::Illuminate\\Container\\{closure}()
#3 /media/jchegenye/legibra/var/www/laravel-projects/monitor/vendor/laravel/framework/src/Illuminate/Container/BoundMethod.php(34): Illuminate\\Container\\BoundMethod::callBoundMethod(Object(Illuminate\\Foundation\\Application), Array, Object(Closure))
#4 /media/jchegenye/legibra/var/www/laravel-projects/monitor/vendor/laravel/framework/src/Illuminate/Container/Container.php(580): Illuminate\\Container\\BoundMethod::call(Object(Illuminate\\Foundation\\Application), Array, Array, NULL)
#5 /media/jchegenye/legibra/var/www/laravel-projects/monitor/vendor/laravel/framework/src/Illuminate/Console/Command.php(183): Illuminate\\Container\\Container->call(Array)
#6 /media/jchegenye/legibra/var/www/laravel-projects/monitor/vendor/symfony/console/Command/Command.php(255): Illuminate\\Console\\Command->execute(Object(Symfony\\Component\\Console\\Input\\ArgvInput), Object(Illuminate\\Console\\OutputStyle))
#7 /media/jchegenye/legibra/var/www/laravel-projects/monitor/vendor/laravel/framework/src/Illuminate/Console/Command.php(170): Symfony\\Component\\Console\\Command\\Command->run(Object(Symfony\\Component\\Console\\Input\\ArgvInput), Object(Illuminate\\Console\\OutputStyle))
#8 /media/jchegenye/legibra/var/www/laravel-projects/monitor/vendor/symfony/console/Application.php(908): Illuminate\\Console\\Command->run(Object(Symfony\\Component\\Console\\Input\\ArgvInput), Object(Symfony\\Component\\Console\\Output\\ConsoleOutput))
#9 /media/jchegenye/legibra/var/www/laravel-projects/monitor/vendor/symfony/console/Application.php(269): Symfony\\Component\\Console\\Application->doRunCommand(Object(Monitor\\Console\\Commands\\DownTimeWebsitesChecker), Object(Symfony\\Component\\Console\\Input\\ArgvInput), Object(Symfony\\Component\\Console\\Output\\ConsoleOutput))
#10 /media/jchegenye/legibra/var/www/laravel-projects/monitor/vendor/symfony/console/Application.php(145): Symfony\\Component\\Console\\Application->doRun(Object(Symfony\\Component\\Console\\Input\\ArgvInput), Object(Symfony\\Component\\Console\\Output\\ConsoleOutput))
#11 /media/jchegenye/legibra/var/www/laravel-projects/monitor/vendor/laravel/framework/src/Illuminate/Console/Application.php(90): Symfony\\Component\\Console\\Application->run(Object(Symfony\\Component\\Console\\Input\\ArgvInput), Object(Symfony\\Component\\Console\\Output\\ConsoleOutput))
#12 /media/jchegenye/legibra/var/www/laravel-projects/monitor/vendor/laravel/framework/src/Illuminate/Foundation/Console/Kernel.php(122): Illuminate\\Console\\Application->run(Object(Symfony\\Component\\Console\\Input\\ArgvInput), Object(Symfony\\Component\\Console\\Output\\ConsoleOutput))
#13 /media/jchegenye/legibra/var/www/laravel-projects/monitor/artisan(37): Illuminate\\Foundation\\Console\\Kernel->handle(Object(Symfony\\Component\\Console\\Input\\ArgvInput), Object(Symfony\\Component\\Console\\Output\\ConsoleOutput))
#14 {main}
"} 
[2019-04-30 18:24:50] local.ERROR: Property [status] does not exist on this collection instance. {"exception":"[object] (Exception(code: 0): Property [status] does not exist on this collection instance. at /media/jchegenye/legibra/var/www/laravel-projects/monitor/vendor/laravel/framework/src/Illuminate/Support/Collection.php:2127)
[stacktrace]
#0 /media/jchegenye/legibra/var/www/laravel-projects/monitor/app/Console/Commands/DownTimeWebsitesChecker.php(54): Illuminate\\Support\\Collection->__get('status')
#1 [internal function]: Monitor\\Console\\Commands\\DownTimeWebsitesChecker->handle()
#2 /media/jchegenye/legibra/var/www/laravel-projects/monitor/vendor/laravel/framework/src/Illuminate/Container/BoundMethod.php(32): call_user_func_array(Array, Array)
#3 /media/jchegenye/legibra/var/www/laravel-projects/monitor/vendor/laravel/framework/src/Illuminate/Container/BoundMethod.php(90): Illuminate\\Container\\BoundMethod::Illuminate\\Container\\{closure}()
#4 /media/jchegenye/legibra/var/www/laravel-projects/monitor/vendor/laravel/framework/src/Illuminate/Container/BoundMethod.php(34): Illuminate\\Container\\BoundMethod::callBoundMethod(Object(Illuminate\\Foundation\\Application), Array, Object(Closure))
#5 /media/jchegenye/legibra/var/www/laravel-projects/monitor/vendor/laravel/framework/src/Illuminate/Container/Container.php(580): Illuminate\\Container\\BoundMethod::call(Object(Illuminate\\Foundation\\Application), Array, Array, NULL)
#6 /media/jchegenye/legibra/var/www/laravel-projects/monitor/vendor/laravel/framework/src/Illuminate/Console/Command.php(183): Illuminate\\Container\\Container->call(Array)
#7 /media/jchegenye/legibra/var/www/laravel-projects/monitor/vendor/symfony/console/Command/Command.php(255): Illuminate\\Console\\Command->execute(Object(Symfony\\Component\\Console\\Input\\ArgvInput), Object(Illuminate\\Console\\OutputStyle))
#8 /media/jchegenye/legibra/var/www/laravel-projects/monitor/vendor/laravel/framework/src/Illuminate/Console/Command.php(170): Symfony\\Component\\Console\\Command\\Command->run(Object(Symfony\\Component\\Console\\Input\\ArgvInput), Object(Illuminate\\Console\\OutputStyle))
#9 /media/jchegenye/legibra/var/www/laravel-projects/monitor/vendor/symfony/console/Application.php(908): Illuminate\\Console\\Command->run(Object(Symfony\\Component\\Console\\Input\\ArgvInput), Object(Symfony\\Component\\Console\\Output\\ConsoleOutput))
#10 /media/jchegenye/legibra/var/www/laravel-projects/monitor/vendor/symfony/console/Application.php(269): Symfony\\Component\\Console\\Application->doRunCommand(Object(Monitor\\Console\\Commands\\DownTimeWebsitesChecker), Object(Symfony\\Component\\Console\\Input\\ArgvInput), Object(Symfony\\Component\\Console\\Output\\ConsoleOutput))
#11 /media/jchegenye/legibra/var/www/laravel-projects/monitor/vendor/symfony/console/Application.php(145): Symfony\\Component\\Console\\Application->doRun(Object(Symfony\\Component\\Console\\Input\\ArgvInput), Object(Symfony\\Component\\Console\\Output\\ConsoleOutput))
#12 /media/jchegenye/legibra/var/www/laravel-projects/monitor/vendor/laravel/framework/src/Illuminate/Console/Application.php(90): Symfony\\Component\\Console\\Application->run(Object(Symfony\\Component\\Console\\Input\\ArgvInput), Object(Symfony\\Component\\Console\\Output\\ConsoleOutput))
#13 /media/jchegenye/legibra/var/www/laravel-projects/monitor/vendor/laravel/framework/src/Illuminate/Foundation/Console/Kernel.php(122): Illuminate\\Console\\Application->run(Object(Symfony\\Component\\Console\\Input\\ArgvInput), Object(Symfony\\Component\\Console\\Output\\ConsoleOutput))
#14 /media/jchegenye/legibra/var/www/laravel-projects/monitor/artisan(37): Illuminate\\Foundation\\Console\\Kernel->handle(Object(Symfony\\Component\\Console\\Input\\ArgvInput), Object(Symfony\\Component\\Console\\Output\\ConsoleOutput))
#15 {main}
"} 
[2019-04-30 18:27:01] local.ERROR: syntax error, unexpected ')', expecting variable (T_VARIABLE) {"exception":"[object] (Symfony\\Component\\Debug\\Exception\\FatalThrowableError(code: 0): syntax error, unexpected ')', expecting variable (T_VARIABLE) at /media/jchegenye/legibra/var/www/laravel-projects/monitor/app/Console/Commands/DownTimeWebsitesChecker.php:54)
[stacktrace]
#0 /media/jchegenye/legibra/var/www/laravel-projects/monitor/vendor/composer/ClassLoader.php(322): Composer\\Autoload\\includeFile('/media/jchegeny...')
#1 [internal function]: Composer\\Autoload\\ClassLoader->loadClass('Monitor\\\\Console...')
#2 [internal function]: spl_autoload_call('Monitor\\\\Console...')
#3 /media/jchegenye/legibra/var/www/laravel-projects/monitor/vendor/laravel/framework/src/Illuminate/Foundation/Console/Kernel.php(230): is_subclass_of('Monitor\\\\Console...', 'Illuminate\\\\Cons...')
#4 /media/jchegenye/legibra/var/www/laravel-projects/monitor/app/Console/Kernel.php(50): Illuminate\\Foundation\\Console\\Kernel->load(Array)
#5 /media/jchegenye/legibra/var/www/laravel-projects/monitor/vendor/laravel/framework/src/Illuminate/Foundation/Console/Kernel.php(317): Monitor\\Console\\Kernel->commands()
#6 /media/jchegenye/legibra/var/www/laravel-projects/monitor/vendor/laravel/framework/src/Illuminate/Foundation/Console/Kernel.php(120): Illuminate\\Foundation\\Console\\Kernel->bootstrap()
#7 /media/jchegenye/legibra/var/www/laravel-projects/monitor/artisan(37): Illuminate\\Foundation\\Console\\Kernel->handle(Object(Symfony\\Component\\Console\\Input\\ArgvInput), Object(Symfony\\Component\\Console\\Output\\ConsoleOutput))
#8 {main}
"} 
[2019-04-30 18:51:23] local.ERROR: syntax error, unexpected '->' (T_OBJECT_OPERATOR), expecting ',' or ')' {"exception":"[object] (Symfony\\Component\\Debug\\Exception\\FatalThrowableError(code: 0): syntax error, unexpected '->' (T_OBJECT_OPERATOR), expecting ',' or ')' at /media/jchegenye/legibra/var/www/laravel-projects/monitor/app/Console/Commands/DownTimeWebsitesChecker.php:59)
[stacktrace]
#0 /media/jchegenye/legibra/var/www/laravel-projects/monitor/vendor/composer/ClassLoader.php(322): Composer\\Autoload\\includeFile('/media/jchegeny...')
#1 [internal function]: Composer\\Autoload\\ClassLoader->loadClass('Monitor\\\\Console...')
#2 [internal function]: spl_autoload_call('Monitor\\\\Console...')
#3 /media/jchegenye/legibra/var/www/laravel-projects/monitor/vendor/laravel/framework/src/Illuminate/Foundation/Console/Kernel.php(230): is_subclass_of('Monitor\\\\Console...', 'Illuminate\\\\Cons...')
#4 /media/jchegenye/legibra/var/www/laravel-projects/monitor/app/Console/Kernel.php(50): Illuminate\\Foundation\\Console\\Kernel->load(Array)
#5 /media/jchegenye/legibra/var/www/laravel-projects/monitor/vendor/laravel/framework/src/Illuminate/Foundation/Console/Kernel.php(317): Monitor\\Console\\Kernel->commands()
#6 /media/jchegenye/legibra/var/www/laravel-projects/monitor/vendor/laravel/framework/src/Illuminate/Foundation/Console/Kernel.php(120): Illuminate\\Foundation\\Console\\Kernel->bootstrap()
#7 /media/jchegenye/legibra/var/www/laravel-projects/monitor/artisan(37): Illuminate\\Foundation\\Console\\Kernel->handle(Object(Symfony\\Component\\Console\\Input\\ArgvInput), Object(Symfony\\Component\\Console\\Output\\ConsoleOutput))
#8 {main}
"} 
[2019-04-30 18:52:01] local.ERROR: syntax error, unexpected '->' (T_OBJECT_OPERATOR), expecting ',' or ')' {"exception":"[object] (Symfony\\Component\\Debug\\Exception\\FatalThrowableError(code: 0): syntax error, unexpected '->' (T_OBJECT_OPERATOR), expecting ',' or ')' at /media/jchegenye/legibra/var/www/laravel-projects/monitor/app/Console/Commands/DownTimeWebsitesChecker.php:59)
[stacktrace]
#0 /media/jchegenye/legibra/var/www/laravel-projects/monitor/vendor/composer/ClassLoader.php(322): Composer\\Autoload\\includeFile('/media/jchegeny...')
#1 [internal function]: Composer\\Autoload\\ClassLoader->loadClass('Monitor\\\\Console...')
#2 [internal function]: spl_autoload_call('Monitor\\\\Console...')
#3 /media/jchegenye/legibra/var/www/laravel-projects/monitor/vendor/laravel/framework/src/Illuminate/Foundation/Console/Kernel.php(230): is_subclass_of('Monitor\\\\Console...', 'Illuminate\\\\Cons...')
#4 /media/jchegenye/legibra/var/www/laravel-projects/monitor/app/Console/Kernel.php(50): Illuminate\\Foundation\\Console\\Kernel->load(Array)
#5 /media/jchegenye/legibra/var/www/laravel-projects/monitor/vendor/laravel/framework/src/Illuminate/Foundation/Console/Kernel.php(317): Monitor\\Console\\Kernel->commands()
#6 /media/jchegenye/legibra/var/www/laravel-projects/monitor/vendor/laravel/framework/src/Illuminate/Foundation/Console/Kernel.php(120): Illuminate\\Foundation\\Console\\Kernel->bootstrap()
#7 /media/jchegenye/legibra/var/www/laravel-projects/monitor/artisan(37): Illuminate\\Foundation\\Console\\Kernel->handle(Object(Symfony\\Component\\Console\\Input\\ArgvInput), Object(Symfony\\Component\\Console\\Output\\ConsoleOutput))
#8 {main}
"} 
[2019-04-30 18:53:01] local.ERROR: syntax error, unexpected '->' (T_OBJECT_OPERATOR), expecting ',' or ')' {"exception":"[object] (Symfony\\Component\\Debug\\Exception\\FatalThrowableError(code: 0): syntax error, unexpected '->' (T_OBJECT_OPERATOR), expecting ',' or ')' at /media/jchegenye/legibra/var/www/laravel-projects/monitor/app/Console/Commands/DownTimeWebsitesChecker.php:59)
[stacktrace]
#0 /media/jchegenye/legibra/var/www/laravel-projects/monitor/vendor/composer/ClassLoader.php(322): Composer\\Autoload\\includeFile('/media/jchegeny...')
#1 [internal function]: Composer\\Autoload\\ClassLoader->loadClass('Monitor\\\\Console...')
#2 [internal function]: spl_autoload_call('Monitor\\\\Console...')
#3 /media/jchegenye/legibra/var/www/laravel-projects/monitor/vendor/laravel/framework/src/Illuminate/Foundation/Console/Kernel.php(230): is_subclass_of('Monitor\\\\Console...', 'Illuminate\\\\Cons...')
#4 /media/jchegenye/legibra/var/www/laravel-projects/monitor/app/Console/Kernel.php(50): Illuminate\\Foundation\\Console\\Kernel->load(Array)
#5 /media/jchegenye/legibra/var/www/laravel-projects/monitor/vendor/laravel/framework/src/Illuminate/Foundation/Console/Kernel.php(317): Monitor\\Console\\Kernel->commands()
#6 /media/jchegenye/legibra/var/www/laravel-projects/monitor/vendor/laravel/framework/src/Illuminate/Foundation/Console/Kernel.php(120): Illuminate\\Foundation\\Console\\Kernel->bootstrap()
#7 /media/jchegenye/legibra/var/www/laravel-projects/monitor/artisan(37): Illuminate\\Foundation\\Console\\Kernel->handle(Object(Symfony\\Component\\Console\\Input\\ArgvInput), Object(Symfony\\Component\\Console\\Output\\ConsoleOutput))
#8 {main}
"} 
[2019-04-30 19:17:56] local.ERROR: Property [data] does not exist on this collection instance. {"exception":"[object] (Exception(code: 0): Property [data] does not exist on this collection instance. at /media/jchegenye/legibra/var/www/laravel-projects/monitor/vendor/laravel/framework/src/Illuminate/Support/Collection.php:2127)
[stacktrace]
#0 /media/jchegenye/legibra/var/www/laravel-projects/monitor/app/Console/Commands/DownTimeWebsitesChecker.php(74): Illuminate\\Support\\Collection->__get('data')
#1 [internal function]: Monitor\\Console\\Commands\\DownTimeWebsitesChecker->handle()
#2 /media/jchegenye/legibra/var/www/laravel-projects/monitor/vendor/laravel/framework/src/Illuminate/Container/BoundMethod.php(32): call_user_func_array(Array, Array)
#3 /media/jchegenye/legibra/var/www/laravel-projects/monitor/vendor/laravel/framework/src/Illuminate/Container/BoundMethod.php(90): Illuminate\\Container\\BoundMethod::Illuminate\\Container\\{closure}()
#4 /media/jchegenye/legibra/var/www/laravel-projects/monitor/vendor/laravel/framework/src/Illuminate/Container/BoundMethod.php(34): Illuminate\\Container\\BoundMethod::callBoundMethod(Object(Illuminate\\Foundation\\Application), Array, Object(Closure))
#5 /media/jchegenye/legibra/var/www/laravel-projects/monitor/vendor/laravel/framework/src/Illuminate/Container/Container.php(580): Illuminate\\Container\\BoundMethod::call(Object(Illuminate\\Foundation\\Application), Array, Array, NULL)
#6 /media/jchegenye/legibra/var/www/laravel-projects/monitor/vendor/laravel/framework/src/Illuminate/Console/Command.php(183): Illuminate\\Container\\Container->call(Array)
#7 /media/jchegenye/legibra/var/www/laravel-projects/monitor/vendor/symfony/console/Command/Command.php(255): Illuminate\\Console\\Command->execute(Object(Symfony\\Component\\Console\\Input\\ArgvInput), Object(Illuminate\\Console\\OutputStyle))
#8 /media/jchegenye/legibra/var/www/laravel-projects/monitor/vendor/laravel/framework/src/Illuminate/Console/Command.php(170): Symfony\\Component\\Console\\Command\\Command->run(Object(Symfony\\Component\\Console\\Input\\ArgvInput), Object(Illuminate\\Console\\OutputStyle))
#9 /media/jchegenye/legibra/var/www/laravel-projects/monitor/vendor/symfony/console/Application.php(908): Illuminate\\Console\\Command->run(Object(Symfony\\Component\\Console\\Input\\ArgvInput), Object(Symfony\\Component\\Console\\Output\\ConsoleOutput))
#10 /media/jchegenye/legibra/var/www/laravel-projects/monitor/vendor/symfony/console/Application.php(269): Symfony\\Component\\Console\\Application->doRunCommand(Object(Monitor\\Console\\Commands\\DownTimeWebsitesChecker), Object(Symfony\\Component\\Console\\Input\\ArgvInput), Object(Symfony\\Component\\Console\\Output\\ConsoleOutput))
#11 /media/jchegenye/legibra/var/www/laravel-projects/monitor/vendor/symfony/console/Application.php(145): Symfony\\Component\\Console\\Application->doRun(Object(Symfony\\Component\\Console\\Input\\ArgvInput), Object(Symfony\\Component\\Console\\Output\\ConsoleOutput))
#12 /media/jchegenye/legibra/var/www/laravel-projects/monitor/vendor/laravel/framework/src/Illuminate/Console/Application.php(90): Symfony\\Component\\Console\\Application->run(Object(Symfony\\Component\\Console\\Input\\ArgvInput), Object(Symfony\\Component\\Console\\Output\\ConsoleOutput))
#13 /media/jchegenye/legibra/var/www/laravel-projects/monitor/vendor/laravel/framework/src/Illuminate/Foundation/Console/Kernel.php(122): Illuminate\\Console\\Application->run(Object(Symfony\\Component\\Console\\Input\\ArgvInput), Object(Symfony\\Component\\Console\\Output\\ConsoleOutput))
#14 /media/jchegenye/legibra/var/www/laravel-projects/monitor/artisan(37): Illuminate\\Foundation\\Console\\Kernel->handle(Object(Symfony\\Component\\Console\\Input\\ArgvInput), Object(Symfony\\Component\\Console\\Output\\ConsoleOutput))
#15 {main}
"} 
[2019-04-30 19:18:16] local.ERROR: Property [data] does not exist on this collection instance. {"exception":"[object] (Exception(code: 0): Property [data] does not exist on this collection instance. at /media/jchegenye/legibra/var/www/laravel-projects/monitor/vendor/laravel/framework/src/Illuminate/Support/Collection.php:2127)
[stacktrace]
#0 /media/jchegenye/legibra/var/www/laravel-projects/monitor/app/Console/Commands/DownTimeWebsitesChecker.php(75): Illuminate\\Support\\Collection->__get('data')
#1 [internal function]: Monitor\\Console\\Commands\\DownTimeWebsitesChecker->handle()
#2 /media/jchegenye/legibra/var/www/laravel-projects/monitor/vendor/laravel/framework/src/Illuminate/Container/BoundMethod.php(32): call_user_func_array(Array, Array)
#3 /media/jchegenye/legibra/var/www/laravel-projects/monitor/vendor/laravel/framework/src/Illuminate/Container/BoundMethod.php(90): Illuminate\\Container\\BoundMethod::Illuminate\\Container\\{closure}()
#4 /media/jchegenye/legibra/var/www/laravel-projects/monitor/vendor/laravel/framework/src/Illuminate/Container/BoundMethod.php(34): Illuminate\\Container\\BoundMethod::callBoundMethod(Object(Illuminate\\Foundation\\Application), Array, Object(Closure))
#5 /media/jchegenye/legibra/var/www/laravel-projects/monitor/vendor/laravel/framework/src/Illuminate/Container/Container.php(580): Illuminate\\Container\\BoundMethod::call(Object(Illuminate\\Foundation\\Application), Array, Array, NULL)
#6 /media/jchegenye/legibra/var/www/laravel-projects/monitor/vendor/laravel/framework/src/Illuminate/Console/Command.php(183): Illuminate\\Container\\Container->call(Array)
#7 /media/jchegenye/legibra/var/www/laravel-projects/monitor/vendor/symfony/console/Command/Command.php(255): Illuminate\\Console\\Command->execute(Object(Symfony\\Component\\Console\\Input\\ArgvInput), Object(Illuminate\\Console\\OutputStyle))
#8 /media/jchegenye/legibra/var/www/laravel-projects/monitor/vendor/laravel/framework/src/Illuminate/Console/Command.php(170): Symfony\\Component\\Console\\Command\\Command->run(Object(Symfony\\Component\\Console\\Input\\ArgvInput), Object(Illuminate\\Console\\OutputStyle))
#9 /media/jchegenye/legibra/var/www/laravel-projects/monitor/vendor/symfony/console/Application.php(908): Illuminate\\Console\\Command->run(Object(Symfony\\Component\\Console\\Input\\ArgvInput), Object(Symfony\\Component\\Console\\Output\\ConsoleOutput))
#10 /media/jchegenye/legibra/var/www/laravel-projects/monitor/vendor/symfony/console/Application.php(269): Symfony\\Component\\Console\\Application->doRunCommand(Object(Monitor\\Console\\Commands\\DownTimeWebsitesChecker), Object(Symfony\\Component\\Console\\Input\\ArgvInput), Object(Symfony\\Component\\Console\\Output\\ConsoleOutput))
#11 /media/jchegenye/legibra/var/www/laravel-projects/monitor/vendor/symfony/console/Application.php(145): Symfony\\Component\\Console\\Application->doRun(Object(Symfony\\Component\\Console\\Input\\ArgvInput), Object(Symfony\\Component\\Console\\Output\\ConsoleOutput))
#12 /media/jchegenye/legibra/var/www/laravel-projects/monitor/vendor/laravel/framework/src/Illuminate/Console/Application.php(90): Symfony\\Component\\Console\\Application->run(Object(Symfony\\Component\\Console\\Input\\ArgvInput), Object(Symfony\\Component\\Console\\Output\\ConsoleOutput))
#13 /media/jchegenye/legibra/var/www/laravel-projects/monitor/vendor/laravel/framework/src/Illuminate/Foundation/Console/Kernel.php(122): Illuminate\\Console\\Application->run(Object(Symfony\\Component\\Console\\Input\\ArgvInput), Object(Symfony\\Component\\Console\\Output\\ConsoleOutput))
#14 /media/jchegenye/legibra/var/www/laravel-projects/monitor/artisan(37): Illuminate\\Foundation\\Console\\Kernel->handle(Object(Symfony\\Component\\Console\\Input\\ArgvInput), Object(Symfony\\Component\\Console\\Output\\ConsoleOutput))
#15 {main}
"} 
[2019-04-30 19:18:27] local.ERROR: Property [data] does not exist on this collection instance. {"exception":"[object] (Exception(code: 0): Property [data] does not exist on this collection instance. at /media/jchegenye/legibra/var/www/laravel-projects/monitor/vendor/laravel/framework/src/Illuminate/Support/Collection.php:2127)
[stacktrace]
#0 /media/jchegenye/legibra/var/www/laravel-projects/monitor/app/Console/Commands/DownTimeWebsitesChecker.php(75): Illuminate\\Support\\Collection->__get('data')
#1 [internal function]: Monitor\\Console\\Commands\\DownTimeWebsitesChecker->handle()
#2 /media/jchegenye/legibra/var/www/laravel-projects/monitor/vendor/laravel/framework/src/Illuminate/Container/BoundMethod.php(32): call_user_func_array(Array, Array)
#3 /media/jchegenye/legibra/var/www/laravel-projects/monitor/vendor/laravel/framework/src/Illuminate/Container/BoundMethod.php(90): Illuminate\\Container\\BoundMethod::Illuminate\\Container\\{closure}()
#4 /media/jchegenye/legibra/var/www/laravel-projects/monitor/vendor/laravel/framework/src/Illuminate/Container/BoundMethod.php(34): Illuminate\\Container\\BoundMethod::callBoundMethod(Object(Illuminate\\Foundation\\Application), Array, Object(Closure))
#5 /media/jchegenye/legibra/var/www/laravel-projects/monitor/vendor/laravel/framework/src/Illuminate/Container/Container.php(580): Illuminate\\Container\\BoundMethod::call(Object(Illuminate\\Foundation\\Application), Array, Array, NULL)
#6 /media/jchegenye/legibra/var/www/laravel-projects/monitor/vendor/laravel/framework/src/Illuminate/Console/Command.php(183): Illuminate\\Container\\Container->call(Array)
#7 /media/jchegenye/legibra/var/www/laravel-projects/monitor/vendor/symfony/console/Command/Command.php(255): Illuminate\\Console\\Command->execute(Object(Symfony\\Component\\Console\\Input\\ArgvInput), Object(Illuminate\\Console\\OutputStyle))
#8 /media/jchegenye/legibra/var/www/laravel-projects/monitor/vendor/laravel/framework/src/Illuminate/Console/Command.php(170): Symfony\\Component\\Console\\Command\\Command->run(Object(Symfony\\Component\\Console\\Input\\ArgvInput), Object(Illuminate\\Console\\OutputStyle))
#9 /media/jchegenye/legibra/var/www/laravel-projects/monitor/vendor/symfony/console/Application.php(908): Illuminate\\Console\\Command->run(Object(Symfony\\Component\\Console\\Input\\ArgvInput), Object(Symfony\\Component\\Console\\Output\\ConsoleOutput))
#10 /media/jchegenye/legibra/var/www/laravel-projects/monitor/vendor/symfony/console/Application.php(269): Symfony\\Component\\Console\\Application->doRunCommand(Object(Monitor\\Console\\Commands\\DownTimeWebsitesChecker), Object(Symfony\\Component\\Console\\Input\\ArgvInput), Object(Symfony\\Component\\Console\\Output\\ConsoleOutput))
#11 /media/jchegenye/legibra/var/www/laravel-projects/monitor/vendor/symfony/console/Application.php(145): Symfony\\Component\\Console\\Application->doRun(Object(Symfony\\Component\\Console\\Input\\ArgvInput), Object(Symfony\\Component\\Console\\Output\\ConsoleOutput))
#12 /media/jchegenye/legibra/var/www/laravel-projects/monitor/vendor/laravel/framework/src/Illuminate/Console/Application.php(90): Symfony\\Component\\Console\\Application->run(Object(Symfony\\Component\\Console\\Input\\ArgvInput), Object(Symfony\\Component\\Console\\Output\\ConsoleOutput))
#13 /media/jchegenye/legibra/var/www/laravel-projects/monitor/vendor/laravel/framework/src/Illuminate/Foundation/Console/Kernel.php(122): Illuminate\\Console\\Application->run(Object(Symfony\\Component\\Console\\Input\\ArgvInput), Object(Symfony\\Component\\Console\\Output\\ConsoleOutput))
#14 /media/jchegenye/legibra/var/www/laravel-projects/monitor/artisan(37): Illuminate\\Foundation\\Console\\Kernel->handle(Object(Symfony\\Component\\Console\\Input\\ArgvInput), Object(Symfony\\Component\\Console\\Output\\ConsoleOutput))
#15 {main}
"} 
[2019-04-30 19:20:53] local.ERROR: Trying to get property 'status' of non-object {"exception":"[object] (ErrorException(code: 0): Trying to get property 'status' of non-object at /media/jchegenye/legibra/var/www/laravel-projects/monitor/app/Console/Commands/DownTimeWebsitesChecker.php:76)
[stacktrace]
#0 /media/jchegenye/legibra/var/www/laravel-projects/monitor/app/Console/Commands/DownTimeWebsitesChecker.php(76): Illuminate\\Foundation\\Bootstrap\\HandleExceptions->handleError(8, 'Trying to get p...', '/media/jchegeny...', 76, Array)
#1 /media/jchegenye/legibra/var/www/laravel-projects/monitor/vendor/laravel/framework/src/Illuminate/Support/Collection.php(475): Monitor\\Console\\Commands\\DownTimeWebsitesChecker->Monitor\\Console\\Commands\\{closure}(Object(Monitor\\Model\\Notifications), 0)
#2 /media/jchegenye/legibra/var/www/laravel-projects/monitor/app/Console/Commands/DownTimeWebsitesChecker.php(77): Illuminate\\Support\\Collection->each(Object(Closure))
#3 [internal function]: Monitor\\Console\\Commands\\DownTimeWebsitesChecker->handle()
#4 /media/jchegenye/legibra/var/www/laravel-projects/monitor/vendor/laravel/framework/src/Illuminate/Container/BoundMethod.php(32): call_user_func_array(Array, Array)
#5 /media/jchegenye/legibra/var/www/laravel-projects/monitor/vendor/laravel/framework/src/Illuminate/Container/BoundMethod.php(90): Illuminate\\Container\\BoundMethod::Illuminate\\Container\\{closure}()
#6 /media/jchegenye/legibra/var/www/laravel-projects/monitor/vendor/laravel/framework/src/Illuminate/Container/BoundMethod.php(34): Illuminate\\Container\\BoundMethod::callBoundMethod(Object(Illuminate\\Foundation\\Application), Array, Object(Closure))
#7 /media/jchegenye/legibra/var/www/laravel-projects/monitor/vendor/laravel/framework/src/Illuminate/Container/Container.php(580): Illuminate\\Container\\BoundMethod::call(Object(Illuminate\\Foundation\\Application), Array, Array, NULL)
#8 /media/jchegenye/legibra/var/www/laravel-projects/monitor/vendor/laravel/framework/src/Illuminate/Console/Command.php(183): Illuminate\\Container\\Container->call(Array)
#9 /media/jchegenye/legibra/var/www/laravel-projects/monitor/vendor/symfony/console/Command/Command.php(255): Illuminate\\Console\\Command->execute(Object(Symfony\\Component\\Console\\Input\\ArgvInput), Object(Illuminate\\Console\\OutputStyle))
#10 /media/jchegenye/legibra/var/www/laravel-projects/monitor/vendor/laravel/framework/src/Illuminate/Console/Command.php(170): Symfony\\Component\\Console\\Command\\Command->run(Object(Symfony\\Component\\Console\\Input\\ArgvInput), Object(Illuminate\\Console\\OutputStyle))
#11 /media/jchegenye/legibra/var/www/laravel-projects/monitor/vendor/symfony/console/Application.php(908): Illuminate\\Console\\Command->run(Object(Symfony\\Component\\Console\\Input\\ArgvInput), Object(Symfony\\Component\\Console\\Output\\ConsoleOutput))
#12 /media/jchegenye/legibra/var/www/laravel-projects/monitor/vendor/symfony/console/Application.php(269): Symfony\\Component\\Console\\Application->doRunCommand(Object(Monitor\\Console\\Commands\\DownTimeWebsitesChecker), Object(Symfony\\Component\\Console\\Input\\ArgvInput), Object(Symfony\\Component\\Console\\Output\\ConsoleOutput))
#13 /media/jchegenye/legibra/var/www/laravel-projects/monitor/vendor/symfony/console/Application.php(145): Symfony\\Component\\Console\\Application->doRun(Object(Symfony\\Component\\Console\\Input\\ArgvInput), Object(Symfony\\Component\\Console\\Output\\ConsoleOutput))
#14 /media/jchegenye/legibra/var/www/laravel-projects/monitor/vendor/laravel/framework/src/Illuminate/Console/Application.php(90): Symfony\\Component\\Console\\Application->run(Object(Symfony\\Component\\Console\\Input\\ArgvInput), Object(Symfony\\Component\\Console\\Output\\ConsoleOutput))
#15 /media/jchegenye/legibra/var/www/laravel-projects/monitor/vendor/laravel/framework/src/Illuminate/Foundation/Console/Kernel.php(122): Illuminate\\Console\\Application->run(Object(Symfony\\Component\\Console\\Input\\ArgvInput), Object(Symfony\\Component\\Console\\Output\\ConsoleOutput))
#16 /media/jchegenye/legibra/var/www/laravel-projects/monitor/artisan(37): Illuminate\\Foundation\\Console\\Kernel->handle(Object(Symfony\\Component\\Console\\Input\\ArgvInput), Object(Symfony\\Component\\Console\\Output\\ConsoleOutput))
#17 {main}
"} 
